#
# There is insufficient memory for the Java Runtime Environment to continue.
# Native memory allocation (malloc) failed to allocate 876976 bytes for Chunk::new
# Possible reasons:
#   The system is out of physical RAM or swap space
#   In 32 bit mode, the process size limit was hit
# Possible solutions:
#   Reduce memory load on the system
#   Increase physical memory or swap space
#   Check if swap backing store is full
#   Use 64 bit Java on a 64 bit OS
#   Decrease Java heap size (-Xmx/-Xms)
#   Decrease number of Java threads
#   Decrease Java thread stack sizes (-Xss)
#   Set larger code cache with -XX:ReservedCodeCacheSize=
# This output file may be truncated or incomplete.
#
#  Out of Memory Error (allocation.cpp:390), pid=12620, tid=0x00000000000010b8
#
# JRE version: Java(TM) SE Runtime Environment (8.0_191-b12) (build 1.8.0_191-b12)
# Java VM: Java HotSpot(TM) 64-Bit Server VM (25.191-b12 mixed mode windows-amd64 compressed oops)
# Failed to write core dump. Minidumps are not enabled by default on client versions of Windows
#

---------------  T H R E A D  ---------------

Current thread (0x0000000014468000):  JavaThread "C2 CompilerThread1" daemon [_thread_in_native, id=4280, stack(0x0000000015bb0000,0x0000000015cb0000)]

Stack: [0x0000000015bb0000,0x0000000015cb0000]
[error occurred during error reporting (printing stack bounds), id 0xc0000005]

Native frames: (J=compiled Java code, j=interpreted, Vv=VM code, C=native code)


Current CompileTask:
C2:  19515 4391       4       com.sun.beans.TypeResolver::resolve (37 bytes)


---------------  P R O C E S S  ---------------

Java Threads: ( => current thread )
  0x0000000017f27800 JavaThread "Cache worker for Build Output Cleanup Cache (C:\Users\Dimitris\Desktop\tsekit\android\.gradle\buildOutputCleanup)" [_thread_blocked, id=14812, stack(0x000000001fe50000,0x000000001ff50000)]
  0x0000000017f26000 JavaThread "Build operations Thread 4" [_thread_blocked, id=10996, stack(0x000000001fb50000,0x000000001fc50000)]
  0x0000000017f23000 JavaThread "Build operations Thread 3" [_thread_blocked, id=14428, stack(0x000000001fa50000,0x000000001fb50000)]
  0x0000000017f23800 JavaThread "Build operations Thread 2" [_thread_blocked, id=7496, stack(0x000000001f950000,0x000000001fa50000)]
  0x0000000017f26800 JavaThread "Build operations" [_thread_blocked, id=9444, stack(0x000000001f850000,0x000000001f950000)]
  0x0000000017f1a000 JavaThread "Cache worker for execution history cache (C:\Users\Dimitris\.gradle\caches\6.0.1\executionHistory)" [_thread_blocked, id=18088, stack(0x000000001f320000,0x000000001f420000)]
  0x0000000017f20800 JavaThread "Cache worker for cache directory md-rule (C:\Users\Dimitris\.gradle\caches\6.0.1\md-rule)" [_thread_blocked, id=8984, stack(0x000000001f220000,0x000000001f320000)]
  0x0000000017f1d000 JavaThread "Cache worker for cache directory md-supplier (C:\Users\Dimitris\.gradle\caches\6.0.1\md-supplier)" [_thread_blocked, id=12704, stack(0x000000001f120000,0x000000001f220000)]
  0x0000000017f1f000 JavaThread "Cache worker for file hash cache (C:\Users\Dimitris\Desktop\tsekit\android\.gradle\6.0.1\fileHashes)" [_thread_blocked, id=19936, stack(0x000000001c7c0000,0x000000001c8c0000)]
  0x0000000017f1c000 JavaThread "Cache worker for journal cache (C:\Users\Dimitris\.gradle\caches\journal-1)" [_thread_blocked, id=19640, stack(0x000000001a0d0000,0x000000001a1d0000)]
  0x0000000017f1a800 JavaThread "File lock request listener" [_thread_in_native, id=13752, stack(0x0000000019ed0000,0x0000000019fd0000)]
  0x0000000017f1e800 JavaThread "Cache worker for file hash cache (C:\Users\Dimitris\.gradle\caches\6.0.1\fileHashes)" [_thread_blocked, id=5520, stack(0x0000000019dd0000,0x0000000019ed0000)]
  0x0000000017f1d800 JavaThread "Thread-9" [_thread_blocked, id=7608, stack(0x0000000019cd0000,0x0000000019dd0000)]
  0x0000000017f1b800 JavaThread "Stdin handler" [_thread_blocked, id=16320, stack(0x0000000019bd0000,0x0000000019cd0000)]
  0x0000000017ed7800 JavaThread "Asynchronous log dispatcher for DefaultDaemonConnection: socket connection from /127.0.0.1:56654 to /127.0.0.1:56655" [_thread_blocked, id=10220, stack(0x0000000019ad0000,0x0000000019bd0000)]
  0x0000000017ed4800 JavaThread "Daemon worker" [_thread_in_native, id=9868, stack(0x00000000197d0000,0x00000000198d0000)]
  0x0000000017ed7000 JavaThread "Cancel handler" [_thread_blocked, id=12024, stack(0x00000000196d0000,0x00000000197d0000)]
  0x0000000017ed5800 JavaThread "Handler for socket connection from /127.0.0.1:56654 to /127.0.0.1:56655" [_thread_in_native, id=20296, stack(0x00000000195d0000,0x00000000196d0000)]
  0x0000000017ed6000 JavaThread "Daemon" [_thread_blocked, id=14740, stack(0x00000000194d0000,0x00000000195d0000)]
  0x0000000017ed4000 JavaThread "Daemon periodic checks" [_thread_blocked, id=16196, stack(0x00000000193d0000,0x00000000194d0000)]
  0x0000000017e71000 JavaThread "Incoming local TCP Connector on port 56654" [_thread_in_native, id=4780, stack(0x0000000019190000,0x0000000019290000)]
  0x0000000017da0000 JavaThread "Daemon health stats" [_thread_blocked, id=9796, stack(0x0000000018b50000,0x0000000018c50000)]
  0x0000000015cdc000 JavaThread "Service Thread" daemon [_thread_blocked, id=6740, stack(0x00000000161b0000,0x00000000162b0000)]
  0x0000000015cb8800 JavaThread "C1 CompilerThread2" daemon [_thread_blocked, id=4232, stack(0x00000000160b0000,0x00000000161b0000)]
=>0x0000000014468000 JavaThread "C2 CompilerThread1" daemon [_thread_in_native, id=4280, stack(0x0000000015bb0000,0x0000000015cb0000)]
  0x0000000014465000 JavaThread "C2 CompilerThread0" daemon [_thread_in_native, id=6588, stack(0x0000000015ab0000,0x0000000015bb0000)]
  0x0000000014460800 JavaThread "Attach Listener" daemon [_thread_blocked, id=4084, stack(0x00000000159b0000,0x0000000015ab0000)]
  0x000000001445d800 JavaThread "Signal Dispatcher" daemon [_thread_blocked, id=2448, stack(0x00000000158b0000,0x00000000159b0000)]
  0x000000000303c800 JavaThread "Finalizer" daemon [_thread_blocked, id=16404, stack(0x00000000156c0000,0x00000000157c0000)]
  0x000000001444a000 JavaThread "Reference Handler" daemon [_thread_blocked, id=888, stack(0x00000000155c0000,0x00000000156c0000)]
  0x0000000002e8e800 JavaThread "main" [_thread_blocked, id=14608, stack(0x0000000002d80000,0x0000000002e80000)]

Other Threads:
  0x0000000014428000 VMThread [stack: 0x00000000154c0000,0x00000000155c0000] [id=18224]
  0x0000000015cde000 WatcherThread [stack: 0x00000000162b0000,0x00000000163b0000] [id=16832]

VM state:not at safepoint (normal execution)

VM Mutex/Monitor currently owned by a thread: None

Heap:
 PSYoungGen      total 112128K, used 61713K [0x00000000f5580000, 0x0000000100000000, 0x0000000100000000)
  eden space 97280K, 49% used [0x00000000f5580000,0x00000000f842bac0,0x00000000fb480000)
  from space 14848K, 93% used [0x00000000fb480000,0x00000000fc218d18,0x00000000fc300000)
  to   space 16384K, 0% used [0x00000000ff000000,0x00000000ff000000,0x0000000100000000)
 ParOldGen       total 175104K, used 18728K [0x00000000e0000000, 0x00000000eab00000, 0x00000000f5580000)
  object space 175104K, 10% used [0x00000000e0000000,0x00000000e124a3b0,0x00000000eab00000)
 Metaspace       used 46898K, capacity 48405K, committed 48640K, reserved 1091584K
  class space    used 6439K, capacity 6831K, committed 6912K, reserved 1048576K

Card table byte_map: [0x0000000012400000,0x0000000012510000] byte_map_base: 0x0000000011d00000

Marking Bits: (ParMarkBitMap*) 0x00000000689c3e30
 Begin Bits: [0x00000000129c0000, 0x00000000131c0000)
 End Bits:   [0x00000000131c0000, 0x00000000139c0000)

Polling page: 0x00000000010f0000

CodeCache: size=245760Kb used=13927Kb max_used=13927Kb free=231832Kb
 bounds [0x0000000003040000, 0x0000000003df0000, 0x0000000012040000]
 total_blobs=4763 nmethods=3990 adapters=684
 compilation: enabled

Compilation events (10 events):
Event: 19.494 Thread 0x0000000015cb8800 4409       3       java.beans.PropertyDescriptor::isAssignable (148 bytes)
Event: 19.499 Thread 0x0000000015cb8800 nmethod 4409 0x0000000003ddc2d0 code [0x0000000003ddc940, 0x0000000003de12b8]
Event: 19.500 Thread 0x0000000015cb8800 4410       1       java.beans.GenericBeanInfo::getPropertyDescriptors (5 bytes)
Event: 19.500 Thread 0x0000000015cb8800 nmethod 4410 0x0000000003dc78d0 code [0x0000000003dc7a20, 0x0000000003dc7b30]
Event: 19.500 Thread 0x0000000015cb8800 4411       3       org.codehaus.groovy.util.ComplexKeyHashMap$1::next (5 bytes)
Event: 19.500 Thread 0x0000000015cb8800 nmethod 4411 0x0000000003de4450 code [0x0000000003de45c0, 0x0000000003de4748]
Event: 19.500 Thread 0x0000000015cb8800 4413       3       org.gradle.internal.metaobject.DynamicInvokeResult::getValue (22 bytes)
Event: 19.501 Thread 0x0000000015cb8800 nmethod 4413 0x0000000003de47d0 code [0x0000000003de4960, 0x0000000003de4ca8]
Event: 19.501 Thread 0x0000000015cb8800 4412       1       java.beans.GenericBeanInfo::getEventSetDescriptors (5 bytes)
Event: 19.501 Thread 0x0000000015cb8800 nmethod 4412 0x0000000003de4dd0 code [0x0000000003de4f20, 0x0000000003de5030]

GC Heap History (10 events):
Event: 13.702 GC heap before
{Heap before GC invocations=5 (full 1):
 PSYoungGen      total 76288K, used 65536K [0x00000000f5580000, 0x00000000faa80000, 0x0000000100000000)
  eden space 65536K, 100% used [0x00000000f5580000,0x00000000f9580000,0x00000000f9580000)
  from space 10752K, 0% used [0x00000000f9580000,0x00000000f9580000,0x00000000fa000000)
  to   space 10752K, 0% used [0x00000000fa000000,0x00000000fa000000,0x00000000faa80000)
 ParOldGen       total 175104K, used 11878K [0x00000000e0000000, 0x00000000eab00000, 0x00000000f5580000)
  object space 175104K, 6% used [0x00000000e0000000,0x00000000e0b998d0,0x00000000eab00000)
 Metaspace       used 27388K, capacity 27974K, committed 28160K, reserved 1073152K
  class space    used 3802K, capacity 4025K, committed 4096K, reserved 1048576K
Event: 13.744 GC heap after
Heap after GC invocations=5 (full 1):
 PSYoungGen      total 76288K, used 7750K [0x00000000f5580000, 0x00000000fc680000, 0x0000000100000000)
  eden space 65536K, 0% used [0x00000000f5580000,0x00000000f5580000,0x00000000f9580000)
  from space 10752K, 72% used [0x00000000fa000000,0x00000000fa791b18,0x00000000faa80000)
  to   space 10752K, 0% used [0x00000000f9580000,0x00000000f9580000,0x00000000fa000000)
 ParOldGen       total 175104K, used 11886K [0x00000000e0000000, 0x00000000eab00000, 0x00000000f5580000)
  object space 175104K, 6% used [0x00000000e0000000,0x00000000e0b9b8d0,0x00000000eab00000)
 Metaspace       used 27388K, capacity 27974K, committed 28160K, reserved 1073152K
  class space    used 3802K, capacity 4025K, committed 4096K, reserved 1048576K
}
Event: 15.002 GC heap before
{Heap before GC invocations=6 (full 1):
 PSYoungGen      total 76288K, used 73286K [0x00000000f5580000, 0x00000000fc680000, 0x0000000100000000)
  eden space 65536K, 100% used [0x00000000f5580000,0x00000000f9580000,0x00000000f9580000)
  from space 10752K, 72% used [0x00000000fa000000,0x00000000fa791b18,0x00000000faa80000)
  to   space 10752K, 0% used [0x00000000f9580000,0x00000000f9580000,0x00000000fa000000)
 ParOldGen       total 175104K, used 11886K [0x00000000e0000000, 0x00000000eab00000, 0x00000000f5580000)
  object space 175104K, 6% used [0x00000000e0000000,0x00000000e0b9b8d0,0x00000000eab00000)
 Metaspace       used 31197K, capacity 31946K, committed 32256K, reserved 1077248K
  class space    used 4349K, capacity 4598K, committed 4608K, reserved 1048576K
Event: 15.023 GC heap after
Heap after GC invocations=6 (full 1):
 PSYoungGen      total 76288K, used 10390K [0x00000000f5580000, 0x00000000fd080000, 0x0000000100000000)
  eden space 65536K, 0% used [0x00000000f5580000,0x00000000f5580000,0x00000000f9580000)
  from space 10752K, 96% used [0x00000000f9580000,0x00000000f9fa5b70,0x00000000fa000000)
  to   space 13824K, 0% used [0x00000000fc300000,0x00000000fc300000,0x00000000fd080000)
 ParOldGen       total 175104K, used 11894K [0x00000000e0000000, 0x00000000eab00000, 0x00000000f5580000)
  object space 175104K, 6% used [0x00000000e0000000,0x00000000e0b9d8d0,0x00000000eab00000)
 Metaspace       used 31197K, capacity 31946K, committed 32256K, reserved 1077248K
  class space    used 4349K, capacity 4598K, committed 4608K, reserved 1048576K
}
Event: 16.038 GC heap before
{Heap before GC invocations=7 (full 1):
 PSYoungGen      total 76288K, used 71496K [0x00000000f5580000, 0x00000000fd080000, 0x0000000100000000)
  eden space 65536K, 93% used [0x00000000f5580000,0x00000000f912c7c0,0x00000000f9580000)
  from space 10752K, 96% used [0x00000000f9580000,0x00000000f9fa5b70,0x00000000fa000000)
  to   space 13824K, 0% used [0x00000000fc300000,0x00000000fc300000,0x00000000fd080000)
 ParOldGen       total 175104K, used 11894K [0x00000000e0000000, 0x00000000eab00000, 0x00000000f5580000)
  object space 175104K, 6% used [0x00000000e0000000,0x00000000e0b9d8d0,0x00000000eab00000)
 Metaspace       used 34605K, capacity 35487K, committed 35496K, reserved 1079296K
  class space    used 4856K, capacity 5120K, committed 5120K, reserved 1048576K
Event: 16.083 GC heap after
Heap after GC invocations=7 (full 1):
 PSYoungGen      total 111104K, used 12004K [0x00000000f5580000, 0x00000000fdc00000, 0x0000000100000000)
  eden space 97280K, 0% used [0x00000000f5580000,0x00000000f5580000,0x00000000fb480000)
  from space 13824K, 86% used [0x00000000fc300000,0x00000000fceb93c0,0x00000000fd080000)
  to   space 14848K, 0% used [0x00000000fb480000,0x00000000fb480000,0x00000000fc300000)
 ParOldGen       total 175104K, used 11902K [0x00000000e0000000, 0x00000000eab00000, 0x00000000f5580000)
  object space 175104K, 6% used [0x00000000e0000000,0x00000000e0b9f8d0,0x00000000eab00000)
 Metaspace       used 34605K, capacity 35487K, committed 35496K, reserved 1079296K
  class space    used 4856K, capacity 5120K, committed 5120K, reserved 1048576K
}
Event: 16.083 GC heap before
{Heap before GC invocations=8 (full 2):
 PSYoungGen      total 111104K, used 12004K [0x00000000f5580000, 0x00000000fdc00000, 0x0000000100000000)
  eden space 97280K, 0% used [0x00000000f5580000,0x00000000f5580000,0x00000000fb480000)
  from space 13824K, 86% used [0x00000000fc300000,0x00000000fceb93c0,0x00000000fd080000)
  to   space 14848K, 0% used [0x00000000fb480000,0x00000000fb480000,0x00000000fc300000)
 ParOldGen       total 175104K, used 11902K [0x00000000e0000000, 0x00000000eab00000, 0x00000000f5580000)
  object space 175104K, 6% used [0x00000000e0000000,0x00000000e0b9f8d0,0x00000000eab00000)
 Metaspace       used 34605K, capacity 35487K, committed 35496K, reserved 1079296K
  class space    used 4856K, capacity 5120K, committed 5120K, reserved 1048576K
Event: 16.224 GC heap after
Heap after GC invocations=8 (full 2):
 PSYoungGen      total 111104K, used 0K [0x00000000f5580000, 0x00000000fdc00000, 0x0000000100000000)
  eden space 97280K, 0% used [0x00000000f5580000,0x00000000f5580000,0x00000000fb480000)
  from space 13824K, 0% used [0x00000000fc300000,0x00000000fc300000,0x00000000fd080000)
  to   space 14848K, 0% used [0x00000000fb480000,0x00000000fb480000,0x00000000fc300000)
 ParOldGen       total 175104K, used 18720K [0x00000000e0000000, 0x00000000eab00000, 0x00000000f5580000)
  object space 175104K, 10% used [0x00000000e0000000,0x00000000e12483b0,0x00000000eab00000)
 Metaspace       used 34605K, capacity 35487K, committed 35496K, reserved 1079296K
  class space    used 4856K, capacity 5120K, committed 5120K, reserved 1048576K
}
Event: 18.323 GC heap before
{Heap before GC invocations=9 (full 2):
 PSYoungGen      total 111104K, used 97280K [0x00000000f5580000, 0x00000000fdc00000, 0x0000000100000000)
  eden space 97280K, 100% used [0x00000000f5580000,0x00000000fb480000,0x00000000fb480000)
  from space 13824K, 0% used [0x00000000fc300000,0x00000000fc300000,0x00000000fd080000)
  to   space 14848K, 0% used [0x00000000fb480000,0x00000000fb480000,0x00000000fc300000)
 ParOldGen       total 175104K, used 18720K [0x00000000e0000000, 0x00000000eab00000, 0x00000000f5580000)
  object space 175104K, 10% used [0x00000000e0000000,0x00000000e12483b0,0x00000000eab00000)
 Metaspace       used 44008K, capacity 45459K, committed 45696K, reserved 1089536K
  class space    used 6067K, capacity 6478K, committed 6528K, reserved 1048576K
Event: 18.351 GC heap after
Heap after GC invocations=9 (full 2):
 PSYoungGen      total 112128K, used 13923K [0x00000000f5580000, 0x0000000100000000, 0x0000000100000000)
  eden space 97280K, 0% used [0x00000000f5580000,0x00000000f5580000,0x00000000fb480000)
  from space 14848K, 93% used [0x00000000fb480000,0x00000000fc218d18,0x00000000fc300000)
  to   space 16384K, 0% used [0x00000000ff000000,0x00000000ff000000,0x0000000100000000)
 ParOldGen       total 175104K, used 18728K [0x00000000e0000000, 0x00000000eab00000, 0x00000000f5580000)
  object space 175104K, 10% used [0x00000000e0000000,0x00000000e124a3b0,0x00000000eab00000)
 Metaspace       used 44008K, capacity 45459K, committed 45696K, reserved 1089536K
  class space    used 6067K, capacity 6478K, committed 6528K, reserved 1048576K
}

Deoptimization events (10 events):
Event: 18.303 Thread 0x0000000017ed4800 Uncommon trap: reason=unstable_if action=reinterpret pc=0x00000000036bfc70 method=java.security.CodeSource.<init>(Ljava/net/URL;[Ljava/security/CodeSigner;)V @ 25
Event: 18.304 Thread 0x0000000017ed4800 Uncommon trap: reason=unstable_if action=reinterpret pc=0x00000000035fc22c method=java.security.CodeSource.getCertificates()[Ljava/security/cert/Certificate; @ 22
Event: 18.305 Thread 0x0000000017ed4800 Uncommon trap: reason=unstable_if action=reinterpret pc=0x0000000003af3ab4 method=java.util.jar.JarFile.maybeInstantiateVerifier()V @ 4
Event: 18.305 Thread 0x0000000017ed4800 Uncommon trap: reason=bimorphic action=maybe_recompile pc=0x00000000036cabf4 method=sun.misc.Resource.getBytes()[B @ 181
Event: 18.305 Thread 0x0000000017ed4800 Uncommon trap: reason=unstable_if action=reinterpret pc=0x0000000003673bd4 method=java.security.CodeSource.matchCerts(Ljava/security/CodeSource;Z)Z @ 11
Event: 18.363 Thread 0x0000000017ed4800 Uncommon trap: reason=unstable_if action=reinterpret pc=0x0000000003161ffc method=java.util.LinkedHashMap.get(Ljava/lang/Object;)Ljava/lang/Object; @ 20
Event: 18.421 Thread 0x0000000017ed4800 Uncommon trap: reason=bimorphic action=maybe_recompile pc=0x00000000036cabf4 method=sun.misc.Resource.getBytes()[B @ 181
Event: 18.423 Thread 0x0000000017ed4800 Uncommon trap: reason=bimorphic action=maybe_recompile pc=0x00000000036cabf4 method=sun.misc.Resource.getBytes()[B @ 181
Event: 18.775 Thread 0x0000000017ed4800 Uncommon trap: reason=unstable_if action=reinterpret pc=0x00000000039d9028 method=org.objectweb.asm.ByteVector.putUTF8(Ljava/lang/String;)Lorg/objectweb/asm/ByteVector; @ 93
Event: 19.290 Thread 0x0000000017ed4800 Uncommon trap: reason=unstable_if action=reinterpret pc=0x00000000039c8548 method=org.gradle.internal.reflect.PropertyAccessorType.of(Ljava/lang/reflect/Method;)Lorg/gradle/internal/reflect/PropertyAccessorType; @ 56

Classes redefined (0 events):
No events

Internal exceptions (10 events):
Event: 19.484 Thread 0x0000000017ed4800 Exception <a 'java/lang/ClassNotFoundException': com/android/build/gradle/internal/dsl/DefaultConfig_DecoratedBeanInfo> (0x00000000f80f6ce8) thrown at [C:\re\workspace\8-2-build-windows-amd64-cygwin\jdk8u191\11896\hotspot\src\share\vm\classfile\systemDict
Event: 19.485 Thread 0x0000000017ed4800 Exception <a 'java/lang/ClassNotFoundException': com/android/build/gradle/internal/dsl/DefaultConfigBeanInfo> (0x00000000f8111308) thrown at [C:\re\workspace\8-2-build-windows-amd64-cygwin\jdk8u191\11896\hotspot\src\share\vm\classfile\systemDictionary.cpp
Event: 19.485 Thread 0x0000000017ed4800 Exception <a 'java/lang/ClassNotFoundException': com/android/build/gradle/internal/dsl/BaseFlavorBeanInfo> (0x00000000f812a950) thrown at [C:\re\workspace\8-2-build-windows-amd64-cygwin\jdk8u191\11896\hotspot\src\share\vm\classfile\systemDictionary.cpp, l
Event: 19.486 Thread 0x0000000017ed4800 Exception <a 'java/lang/ClassNotFoundException': com/android/builder/core/DefaultProductFlavorBeanInfo> (0x00000000f81434c0) thrown at [C:\re\workspace\8-2-build-windows-amd64-cygwin\jdk8u191\11896\hotspot\src\share\vm\classfile\systemDictionary.cpp, line
Event: 19.487 Thread 0x0000000017ed4800 Exception <a 'java/lang/ClassNotFoundException': com/android/builder/core/DefaultProductFlavorCustomizer> (0x00000000f815c4f0) thrown at [C:\re\workspace\8-2-build-windows-amd64-cygwin\jdk8u191\11896\hotspot\src\share\vm\classfile\systemDictionary.cpp, li
Event: 19.488 Thread 0x0000000017ed4800 Exception <a 'java/lang/ClassNotFoundException': com/android/build/gradle/internal/dsl/BaseFlavorCustomizer> (0x00000000f81aba30) thrown at [C:\re\workspace\8-2-build-windows-amd64-cygwin\jdk8u191\11896\hotspot\src\share\vm\classfile\systemDictionary.cpp,
Event: 19.491 Thread 0x0000000017ed4800 Exception <a 'java/lang/ClassNotFoundException': com/android/build/gradle/internal/dsl/DefaultConfigCustomizer> (0x00000000f8207210) thrown at [C:\re\workspace\8-2-build-windows-amd64-cygwin\jdk8u191\11896\hotspot\src\share\vm\classfile\systemDictionary.c
Event: 19.492 Thread 0x0000000017ed4800 Exception <a 'java/lang/ClassNotFoundException': com/android/build/gradle/internal/dsl/DefaultConfig_DecoratedCustomizer> (0x00000000f82361d8) thrown at [C:\re\workspace\8-2-build-windows-amd64-cygwin\jdk8u191\11896\hotspot\src\share\vm\classfile\systemDi
Event: 19.498 Thread 0x0000000017ed4800 Exception <a 'java/lang/ClassNotFoundException': build_20zz8tmy3x26rb15y8rcnd1dl$_run_closure1BeanInfo> (0x00000000f8317408) thrown at [C:\re\workspace\8-2-build-windows-amd64-cygwin\jdk8u191\11896\hotspot\src\share\vm\classfile\systemDictionary.cpp, line
Event: 19.499 Thread 0x0000000017ed4800 Exception <a 'java/lang/ClassNotFoundException': build_20zz8tmy3x26rb15y8rcnd1dl$_run_closure1Customizer> (0x00000000f8327380) thrown at [C:\re\workspace\8-2-build-windows-amd64-cygwin\jdk8u191\11896\hotspot\src\share\vm\classfile\systemDictionary.cpp, li

Events (10 events):
Event: 19.498 loading class build_20zz8tmy3x26rb15y8rcnd1dl$_run_closure1BeanInfo
Event: 19.498 loading class build_20zz8tmy3x26rb15y8rcnd1dl$_run_closure1BeanInfo done
Event: 19.498 loading class build_20zz8tmy3x26rb15y8rcnd1dl$_run_closure1Customizer
Event: 19.498 loading class build_20zz8tmy3x26rb15y8rcnd1dl$_run_closure1Customizer done
Event: 19.499 loading class build_20zz8tmy3x26rb15y8rcnd1dl$_run_closure1Customizer
Event: 19.499 loading class build_20zz8tmy3x26rb15y8rcnd1dl$_run_closure1Customizer done
Event: 19.501 loading class com/android/builder/core/DefaultApiVersion
Event: 19.501 loading class com/android/builder/core/DefaultApiVersion done
Event: 19.503 loading class com/android/builder/internal/ClassFieldImpl
Event: 19.503 loading class com/android/builder/internal/ClassFieldImpl done


Dynamic libraries:
0x00007ff742260000 - 0x00007ff742297000 	C:\Program Files\Java\jdk1.8.0_191\bin\java.exe
0x00007ffdf3bb0000 - 0x00007ffdf3d91000 	C:\WINDOWS\SYSTEM32\ntdll.dll
0x00007ffdf1c50000 - 0x00007ffdf1d02000 	C:\WINDOWS\System32\KERNEL32.DLL
0x00007ffdeff80000 - 0x00007ffdf01f3000 	C:\WINDOWS\System32\KERNELBASE.dll
0x00007ffdf16c0000 - 0x00007ffdf1761000 	C:\WINDOWS\System32\ADVAPI32.dll
0x00007ffdf1530000 - 0x00007ffdf15ce000 	C:\WINDOWS\System32\msvcrt.dll
0x00007ffdf3b20000 - 0x00007ffdf3b7b000 	C:\WINDOWS\System32\sechost.dll
0x00007ffdf18b0000 - 0x00007ffdf19d4000 	C:\WINDOWS\System32\RPCRT4.dll
0x00007ffdf1a50000 - 0x00007ffdf1be0000 	C:\WINDOWS\System32\USER32.dll
0x00007ffdf0db0000 - 0x00007ffdf0dd0000 	C:\WINDOWS\System32\win32u.dll
0x00007ffdf1770000 - 0x00007ffdf1798000 	C:\WINDOWS\System32\GDI32.dll
0x00007ffdf03a0000 - 0x00007ffdf0532000 	C:\WINDOWS\System32\gdi32full.dll
0x00007ffdf0200000 - 0x00007ffdf029f000 	C:\WINDOWS\System32\msvcp_win.dll
0x00007ffdf02a0000 - 0x00007ffdf039a000 	C:\WINDOWS\System32\ucrtbase.dll
0x00007ffde3d00000 - 0x00007ffde3f69000 	C:\WINDOWS\WinSxS\amd64_microsoft.windows.common-controls_6595b64144ccf1df_6.0.17134.112_none_fb3f961b30681c12\COMCTL32.dll
0x00007ffdf1040000 - 0x00007ffdf1363000 	C:\WINDOWS\System32\combase.dll
0x00007ffdf0dd0000 - 0x00007ffdf0e4a000 	C:\WINDOWS\System32\bcryptPrimitives.dll
0x00007ffdf1e90000 - 0x00007ffdf1ebd000 	C:\WINDOWS\System32\IMM32.DLL
0x0000000068a50000 - 0x0000000068b22000 	C:\Program Files\Java\jdk1.8.0_191\jre\bin\msvcr100.dll
0x00000000681a0000 - 0x0000000068a44000 	C:\Program Files\Java\jdk1.8.0_191\jre\bin\server\jvm.dll
0x00007ffdf3540000 - 0x00007ffdf3548000 	C:\WINDOWS\System32\PSAPI.DLL
0x00007ffdd89a0000 - 0x00007ffdd89a9000 	C:\WINDOWS\SYSTEM32\WSOCK32.dll
0x00007ffdf1be0000 - 0x00007ffdf1c4c000 	C:\WINDOWS\System32\WS2_32.dll
0x00007ffde85e0000 - 0x00007ffde8603000 	C:\WINDOWS\SYSTEM32\WINMM.dll
0x00007ffdeb0c0000 - 0x00007ffdeb0ca000 	C:\WINDOWS\SYSTEM32\VERSION.dll
0x00007ffde85b0000 - 0x00007ffde85da000 	C:\WINDOWS\SYSTEM32\WINMMBASE.dll
0x00007ffdf0d00000 - 0x00007ffdf0d49000 	C:\WINDOWS\System32\cfgmgr32.dll
0x0000000068190000 - 0x000000006819f000 	C:\Program Files\Java\jdk1.8.0_191\jre\bin\verify.dll
0x0000000068160000 - 0x0000000068189000 	C:\Program Files\Java\jdk1.8.0_191\jre\bin\java.dll
0x0000000068140000 - 0x0000000068156000 	C:\Program Files\Java\jdk1.8.0_191\jre\bin\zip.dll
0x00007ffdf2060000 - 0x00007ffdf34a0000 	C:\WINDOWS\System32\SHELL32.dll
0x00007ffdf1800000 - 0x00007ffdf18a9000 	C:\WINDOWS\System32\shcore.dll
0x00007ffdf05f0000 - 0x00007ffdf0cfd000 	C:\WINDOWS\System32\windows.storage.dll
0x00007ffdf14d0000 - 0x00007ffdf1521000 	C:\WINDOWS\System32\shlwapi.dll
0x00007ffdefed0000 - 0x00007ffdefee1000 	C:\WINDOWS\System32\kernel.appcore.dll
0x00007ffdeff60000 - 0x00007ffdeff7f000 	C:\WINDOWS\System32\profapi.dll
0x00007ffdeff10000 - 0x00007ffdeff5c000 	C:\WINDOWS\System32\powrprof.dll
0x00007ffdefec0000 - 0x00007ffdefeca000 	C:\WINDOWS\System32\FLTLIB.DLL
0x0000000068120000 - 0x000000006813a000 	C:\Program Files\Java\jdk1.8.0_191\jre\bin\net.dll
0x00007ffdef740000 - 0x00007ffdef7a6000 	C:\WINDOWS\system32\mswsock.dll
0x0000000068100000 - 0x0000000068111000 	C:\Program Files\Java\jdk1.8.0_191\jre\bin\nio.dll
0x00007ffde90b0000 - 0x00007ffde90d6000 	C:\Users\Dimitris\.gradle\native\30\windows-amd64\native-platform.dll
0x00000000680f0000 - 0x00000000680fd000 	C:\Program Files\Java\jdk1.8.0_191\jre\bin\management.dll
0x00007ffdef900000 - 0x00007ffdef917000 	C:\WINDOWS\SYSTEM32\CRYPTSP.dll
0x00007ffdef320000 - 0x00007ffdef353000 	C:\WINDOWS\system32\rsaenh.dll
0x00007ffdefa20000 - 0x00007ffdefa45000 	C:\WINDOWS\SYSTEM32\bcrypt.dll
0x00007ffdefdc0000 - 0x00007ffdefde8000 	C:\WINDOWS\SYSTEM32\USERENV.dll
0x00007ffdef8f0000 - 0x00007ffdef8fb000 	C:\WINDOWS\SYSTEM32\CRYPTBASE.dll
0x00007ffdef4c0000 - 0x00007ffdef4f8000 	C:\WINDOWS\SYSTEM32\IPHLPAPI.DLL
0x00007ffdf1a40000 - 0x00007ffdf1a48000 	C:\WINDOWS\System32\NSI.dll
0x00007ffdeb990000 - 0x00007ffdeb9a6000 	C:\WINDOWS\SYSTEM32\dhcpcsvc6.DLL
0x00007ffdeb760000 - 0x00007ffdeb77a000 	C:\WINDOWS\SYSTEM32\dhcpcsvc.DLL

VM Arguments:
jvm_args: -XX:MaxMetaspaceSize=256m -XX:+HeapDumpOnOutOfMemoryError -Xms256m -Xmx512m -Dfile.encoding=windows-1252 -Duser.country=US -Duser.language=en -Duser.variant 
java_command: org.gradle.launcher.daemon.bootstrap.GradleDaemon 6.0.1
java_class_path (initial): C:\Users\Dimitris\.gradle\wrapper\dists\gradle-6.0.1-all\99d3u8wxs16ndehh90lbbir67\gradle-6.0.1\lib\gradle-launcher-6.0.1.jar
Launcher Type: SUN_STANDARD

Environment Variables:
JAVA_HOME=C:\Program Files\Java\jdk1.8.0_191
CLASSPATH=C:\Users\Dimitris\Desktop\tsekit\android\\gradle\wrapper\gradle-wrapper.jar
PATH=C:\Users\Dimitris\Desktop\tsekit\android\node_modules\.bin;C:\Users\Dimitris\Desktop\tsekit\node_modules\.bin;C:\Users\Dimitris\Desktop\node_modules\.bin;C:\Users\Dimitris\node_modules\.bin;C:\Users\node_modules\.bin;C:\node_modules\.bin;C:\Program Files\nodejs;C:\Users\Dimitris\Desktop\tsekit\node_modules\.bin;C:\Users\Dimitris\AppData\Local\Programs\Python\Python37;C:\Windows\system32;C:\Windows;C:\Windows\System32\Wbem;C:\Windows\System32\WindowsPowerShell\v1.0\;C:\Program Files (x86)\NVIDIA Corporation\PhysX\Common;C:\Program Files\NVIDIA Corporation\NVIDIA NvDLISR;C:\Program Files\PostgreSQL\11\bin;C:\Program Files\Git\cmd;C:\Program Files\Redis\;C:\Program Files\PuTTY\;C:\Users\Dimitris\AppData\Local\Programs\Python\Python37\python;C:\Users\Dimitris\AppData\Local\Programs\Python\Python37\;C:\Users\Dimitris\AppData\Local\Programs\Python\Python37\Scripts\;C:\Users\Dimitris\Desktop\ffmpeg-20200504-5767a2e-win64-static\bin;C:\Users\Dimitris\AppData\Local\Android\Sdk\platform-tools;C:\Program Files (x86)\Windows Kits\10\bin\10.0.16299.0\x86;C:\Program Files (x86)\Windows Kits\8.0\bin\x86;;C:\WINDOWS\system32;C:\WINDOWS;C:\WINDOWS\System32\Wbem;C:\WINDOWS\System32\WindowsPowerShell\v1.0\;C:\WINDOWS\System32\OpenSSH\;C:\Program Files\nodejs\;C:\Users\Dimitris\AppData\Local\Programs\Python\Python36\Scripts\;C:\Users\Dimitris\AppData\Local\Programs\Python\Python36\;C:\Users\Dimitris\AppData\Local\Programs\Python\Python37\Scripts\;C:\Users\Dimitris\AppData\Local\Programs\Python\Python37\;C:\Users\Dimitris\AppData\Local\Microsoft\WindowsApps;C:\Users\Dimitris\AppData\Local\Programs\Microsoft VS Code\bin;C:\Program Files\JetBrains\PyCharm 2019.1.3 free 2\bin;;C:\Program Files\heroku\bin;C:\Users\Dimitris\AppData\Local\Google\Cloud SDK\google-cloud-sdk\bin;C:\Users\Dimitris\Desktop\ffmpeg-20200504-5767a2e-win64-static\bin;C:\Users\Dimitris\AppData\Roaming\npm
USERNAME=Dimitris
OS=Windows_NT
PROCESSOR_IDENTIFIER=Intel64 Family 6 Model 60 Stepping 3, GenuineIntel



---------------  S Y S T E M  ---------------

OS: Windows 10.0 , 64 bit Build 17134 (10.0.17134.1)

CPU:total 4 (initial active 4) (2 cores per cpu, 2 threads per core) family 6 model 60 stepping 3, cmov, cx8, fxsr, mmx, sse, sse2, sse3, ssse3, sse4.1, sse4.2, popcnt, avx, avx2, aes, clmul, erms, lzcnt, ht, tsc, tscinvbit, bmi1, bmi2

Memory: 4k page, physical 16703500k(2115704k free), swap 26943500k(5400k free)

vm_info: Java HotSpot(TM) 64-Bit Server VM (25.191-b12) for windows-amd64 JRE (1.8.0_191-b12), built on Oct  6 2018 09:29:03 by "java_re" with MS VC++ 10.0 (VS2010)

time: Fri Aug 28 22:19:08 2020
elapsed time: 19 seconds (0d 0h 0m 19s)

