#
# There is insufficient memory for the Java Runtime Environment to continue.
# Native memory allocation (malloc) failed to allocate 1465136 bytes for Chunk::new
# Possible reasons:
#   The system is out of physical RAM or swap space
#   In 32 bit mode, the process size limit was hit
# Possible solutions:
#   Reduce memory load on the system
#   Increase physical memory or swap space
#   Check if swap backing store is full
#   Use 64 bit Java on a 64 bit OS
#   Decrease Java heap size (-Xmx/-Xms)
#   Decrease number of Java threads
#   Decrease Java thread stack sizes (-Xss)
#   Set larger code cache with -XX:ReservedCodeCacheSize=
# This output file may be truncated or incomplete.
#
#  Out of Memory Error (allocation.cpp:390), pid=3660, tid=0x000000000000124c
#
# JRE version: Java(TM) SE Runtime Environment (8.0_191-b12) (build 1.8.0_191-b12)
# Java VM: Java HotSpot(TM) 64-Bit Server VM (25.191-b12 mixed mode windows-amd64 compressed oops)
# Failed to write core dump. Minidumps are not enabled by default on client versions of Windows
#

---------------  T H R E A D  ---------------

Current thread (0x00000000142cb800):  JavaThread "C2 CompilerThread1" daemon [_thread_in_native, id=4684, stack(0x0000000015a10000,0x0000000015b10000)]

Stack: [0x0000000015a10000,0x0000000015b10000]
[error occurred during error reporting (printing stack bounds), id 0xc0000005]

Native frames: (J=compiled Java code, j=interpreted, Vv=VM code, C=native code)


Current CompileTask:
C2:1024939 21603   !   4       java.util.Formatter::format (271 bytes)


---------------  P R O C E S S  ---------------

Java Threads: ( => current thread )
  0x00000000173f9800 JavaThread "Cache worker for Build Output Cleanup Cache (C:\Users\Dimitris\Desktop\tsekit\android\.gradle\buildOutputCleanup)" [_thread_blocked, id=23316, stack(0x000000002ad10000,0x000000002ae10000)]
  0x00000000173fb000 JavaThread "Build operations Thread 4" [_thread_blocked, id=17840, stack(0x000000002ac10000,0x000000002ad10000)]
  0x00000000173ff000 JavaThread "Build operations Thread 3" [_thread_blocked, id=21476, stack(0x000000002ab10000,0x000000002ac10000)]
  0x00000000173f9000 JavaThread "Build operations Thread 2" [_thread_blocked, id=17204, stack(0x000000002aa10000,0x000000002ab10000)]
  0x00000000173fe000 JavaThread "Build operations" [_thread_blocked, id=15392, stack(0x000000002a910000,0x000000002aa10000)]
  0x00000000173fa800 JavaThread "Cache worker for cache directory md-rule (C:\Users\Dimitris\.gradle\caches\6.0.1\md-rule)" [_thread_blocked, id=21360, stack(0x000000002a810000,0x000000002a910000)]
  0x00000000173fc800 JavaThread "Cache worker for cache directory md-supplier (C:\Users\Dimitris\.gradle\caches\6.0.1\md-supplier)" [_thread_blocked, id=12260, stack(0x000000002a710000,0x000000002a810000)]
  0x00000000173f1000 JavaThread "Cache worker for file hash cache (C:\Users\Dimitris\Desktop\tsekit\android\.gradle\6.0.1\fileHashes)" [_thread_blocked, id=21472, stack(0x000000002a610000,0x000000002a710000)]
  0x00000000173f6800 JavaThread "Thread-44" [_thread_blocked, id=19596, stack(0x000000002a510000,0x000000002a610000)]
  0x00000000173f5000 JavaThread "Stdin handler" [_thread_blocked, id=9148, stack(0x000000002a410000,0x000000002a510000)]
  0x00000000173f4800 JavaThread "Asynchronous log dispatcher for DefaultDaemonConnection: socket connection from /127.0.0.1:55449 to /127.0.0.1:60367" [_thread_blocked, id=19088, stack(0x000000002a310000,0x000000002a410000)]
  0x00000000173f3000 JavaThread "Daemon worker Thread 2" [_thread_in_vm, id=1408, stack(0x000000002a210000,0x000000002a310000)]
  0x00000000173f8000 JavaThread "Cancel handler" [_thread_blocked, id=1872, stack(0x000000002a110000,0x000000002a210000)]
  0x00000000173f6000 JavaThread "Handler for socket connection from /127.0.0.1:55449 to /127.0.0.1:60367" [_thread_in_native, id=10000, stack(0x000000002a010000,0x000000002a110000)]
  0x00000000173f3800 JavaThread "Daemon Thread 2" [_thread_blocked, id=8968, stack(0x0000000029f10000,0x000000002a010000)]
  0x00000000173f7800 JavaThread "AWT-Windows" daemon [_thread_in_native, id=18868, stack(0x0000000029b10000,0x0000000029c10000)]
  0x00000000173f2000 JavaThread "Java2D Disposer" daemon [_thread_blocked, id=3716, stack(0x0000000029910000,0x0000000029a10000)]
  0x000000001e61d000 JavaThread "Device List Monitor" [_thread_in_native, id=21440, stack(0x0000000029710000,0x0000000029810000)]
  0x000000001e61c000 JavaThread "Monitor" [_thread_in_native, id=8652, stack(0x0000000029310000,0x0000000029410000)]
  0x000000001e614000 JavaThread "Cache worker for Java compile cache (C:\Users\Dimitris\.gradle\caches\6.0.1\javaCompile)" [_thread_blocked, id=20684, stack(0x00000000243f0000,0x00000000244f0000)]
  0x000000001aa4d800 JavaThread "Cache worker for file content cache (C:\Users\Dimitris\.gradle\caches\6.0.1\fileContent)" [_thread_blocked, id=8276, stack(0x00000000234f0000,0x00000000235f0000)]
  0x000000001aa47800 JavaThread "Memory manager" [_thread_blocked, id=19568, stack(0x00000000205f0000,0x00000000206f0000)]
  0x0000000017f36000 JavaThread "Cache worker for execution history cache (C:\Users\Dimitris\.gradle\caches\6.0.1\executionHistory)" [_thread_blocked, id=21772, stack(0x000000001f5f0000,0x000000001f6f0000)]
  0x0000000017f34000 JavaThread "Cache worker for journal cache (C:\Users\Dimitris\.gradle\caches\journal-1)" [_thread_blocked, id=18412, stack(0x0000000019f30000,0x000000001a030000)]
  0x0000000017f32800 JavaThread "File lock request listener" [_thread_in_native, id=3972, stack(0x0000000019d30000,0x0000000019e30000)]
  0x0000000017f31800 JavaThread "Cache worker for file hash cache (C:\Users\Dimitris\.gradle\caches\6.0.1\fileHashes)" [_thread_blocked, id=21176, stack(0x0000000019c30000,0x0000000019d30000)]
  0x0000000017d73800 JavaThread "Daemon periodic checks" [_thread_blocked, id=17756, stack(0x0000000019230000,0x0000000019330000)]
  0x0000000017d70800 JavaThread "Incoming local TCP Connector on port 55449" [_thread_in_native, id=23472, stack(0x0000000018ff0000,0x00000000190f0000)]
  0x0000000017ca1000 JavaThread "Daemon health stats" [_thread_blocked, id=12412, stack(0x00000000189b0000,0x0000000018ab0000)]
  0x000000001431e800 JavaThread "Service Thread" daemon [_thread_blocked, id=1796, stack(0x0000000016010000,0x0000000016110000)]
  0x00000000142d0000 JavaThread "C1 CompilerThread2" daemon [_thread_blocked, id=19432, stack(0x0000000015b10000,0x0000000015c10000)]
=>0x00000000142cb800 JavaThread "C2 CompilerThread1" daemon [_thread_in_native, id=4684, stack(0x0000000015a10000,0x0000000015b10000)]
  0x00000000142c5000 JavaThread "C2 CompilerThread0" daemon [_thread_in_native, id=9404, stack(0x0000000015910000,0x0000000015a10000)]
  0x00000000142c0800 JavaThread "Attach Listener" daemon [_thread_blocked, id=3840, stack(0x0000000015810000,0x0000000015910000)]
  0x00000000142bd800 JavaThread "Signal Dispatcher" daemon [_thread_blocked, id=20824, stack(0x0000000015710000,0x0000000015810000)]
  0x0000000002e9c800 JavaThread "Finalizer" daemon [_thread_blocked, id=11140, stack(0x0000000015520000,0x0000000015620000)]
  0x00000000142aa000 JavaThread "Reference Handler" daemon [_thread_blocked, id=8292, stack(0x0000000015420000,0x0000000015520000)]
  0x0000000002da2800 JavaThread "main" [_thread_blocked, id=13856, stack(0x0000000002bc0000,0x0000000002cc0000)]

Other Threads:
  0x0000000014288000 VMThread [stack: 0x0000000015320000,0x0000000015420000] [id=19716]
  0x0000000015c56800 WatcherThread [stack: 0x0000000016110000,0x0000000016210000] [id=7836]

VM state:not at safepoint (normal execution)

VM Mutex/Monitor currently owned by a thread: None

Heap:
 PSYoungGen      total 119808K, used 39386K [0x00000000f5580000, 0x00000000ff700000, 0x0000000100000000)
  eden space 76288K, 30% used [0x00000000f5580000,0x00000000f6c7a888,0x00000000fa000000)
  from space 43520K, 36% used [0x00000000fcc80000,0x00000000fdbfc020,0x00000000ff700000)
  to   space 44544K, 0% used [0x00000000fa000000,0x00000000fa000000,0x00000000fcb80000)
 ParOldGen       total 349696K, used 302006K [0x00000000e0000000, 0x00000000f5580000, 0x00000000f5580000)
  object space 349696K, 86% used [0x00000000e0000000,0x00000000f26edb38,0x00000000f5580000)
 Metaspace       used 100765K, capacity 108305K, committed 108544K, reserved 1142784K
  class space    used 13674K, capacity 15345K, committed 15360K, reserved 1048576K

Card table byte_map: [0x0000000012260000,0x0000000012370000] byte_map_base: 0x0000000011b60000

Marking Bits: (ParMarkBitMap*) 0x00000000669b3e30
 Begin Bits: [0x0000000012820000, 0x0000000013020000)
 End Bits:   [0x0000000013020000, 0x0000000013820000)

Polling page: 0x0000000000df0000

CodeCache: size=245760Kb used=56518Kb max_used=57365Kb free=189241Kb
 bounds [0x0000000002ea0000, 0x0000000006700000, 0x0000000011ea0000]
 total_blobs=17863 nmethods=16919 adapters=853
 compilation: enabled

Compilation events (10 events):
Event: 1024.731 Thread 0x00000000142d0000 21672       3       org.gradle.api.internal.file.copy.DefaultCopySpec::addChildSpec (69 bytes)
Event: 1024.732 Thread 0x00000000142d0000 nmethod 21672 0x00000000052bb590 code [0x00000000052bb7e0, 0x00000000052bc668]
Event: 1024.732 Thread 0x00000000142d0000 21673       3       org.gradle.api.internal.file.copy.DefaultCopySpec::visit (70 bytes)
Event: 1024.733 Thread 0x00000000142d0000 nmethod 21673 0x0000000004207cd0 code [0x0000000004207ee0, 0x00000000042088c8]
Event: 1024.733 Thread 0x00000000142d0000 21674       3       org.gradle.api.tasks.AbstractCopyTask$1::childSpecAdded (416 bytes)
Event: 1024.737 Thread 0x00000000142d0000 nmethod 21674 0x0000000003d24850 code [0x0000000003d24ee0, 0x0000000003d29d48]
Event: 1024.737 Thread 0x00000000142d0000 21675       3       org.gradle.api.tasks.AbstractCopyTask$1$1::<init> (15 bytes)
Event: 1024.738 Thread 0x00000000142d0000 nmethod 21675 0x00000000041d3190 code [0x00000000041d32e0, 0x00000000041d34b0]
Event: 1024.743 Thread 0x00000000142d0000 21680       3       org.gradle.api.internal.file.copy.DefaultCopySpec::addChildSpec (15 bytes)
Event: 1024.744 Thread 0x00000000142d0000 nmethod 21680 0x0000000003d24310 code [0x0000000003d24480, 0x0000000003d24758]

GC Heap History (10 events):
Event: 71.521 GC heap before
{Heap before GC invocations=51 (full 5):
 PSYoungGen      total 76800K, used 76590K [0x00000000f5580000, 0x00000000ff980000, 0x0000000100000000)
  eden space 59392K, 100% used [0x00000000f5580000,0x00000000f8f80000,0x00000000f8f80000)
  from space 17408K, 98% used [0x00000000f8f80000,0x00000000fa04ba50,0x00000000fa080000)
  to   space 54272K, 0% used [0x00000000fc480000,0x00000000fc480000,0x00000000ff980000)
 ParOldGen       total 349696K, used 275688K [0x00000000e0000000, 0x00000000f5580000, 0x00000000f5580000)
  object space 349696K, 78% used [0x00000000e0000000,0x00000000f0d3a0d0,0x00000000f5580000)
 Metaspace       used 93742K, capacity 100685K, committed 100864K, reserved 1136640K
  class space    used 12962K, capacity 14566K, committed 14592K, reserved 1048576K
Event: 71.537 GC heap after
Heap after GC invocations=51 (full 5):
 PSYoungGen      total 115200K, used 9083K [0x00000000f5580000, 0x00000000fff80000, 0x0000000100000000)
  eden space 60928K, 0% used [0x00000000f5580000,0x00000000f5580000,0x00000000f9100000)
  from space 54272K, 16% used [0x00000000fc480000,0x00000000fcd5ee80,0x00000000ff980000)
  to   space 52736K, 0% used [0x00000000f9100000,0x00000000f9100000,0x00000000fc480000)
 ParOldGen       total 349696K, used 292818K [0x00000000e0000000, 0x00000000f5580000, 0x00000000f5580000)
  object space 349696K, 83% used [0x00000000e0000000,0x00000000f1df4bb0,0x00000000f5580000)
 Metaspace       used 93742K, capacity 100685K, committed 100864K, reserved 1136640K
  class space    used 12962K, capacity 14566K, committed 14592K, reserved 1048576K
}
Event: 71.789 GC heap before
{Heap before GC invocations=52 (full 5):
 PSYoungGen      total 115200K, used 70011K [0x00000000f5580000, 0x00000000fff80000, 0x0000000100000000)
  eden space 60928K, 100% used [0x00000000f5580000,0x00000000f9100000,0x00000000f9100000)
  from space 54272K, 16% used [0x00000000fc480000,0x00000000fcd5ee80,0x00000000ff980000)
  to   space 52736K, 0% used [0x00000000f9100000,0x00000000f9100000,0x00000000fc480000)
 ParOldGen       total 349696K, used 292818K [0x00000000e0000000, 0x00000000f5580000, 0x00000000f5580000)
  object space 349696K, 83% used [0x00000000e0000000,0x00000000f1df4bb0,0x00000000f5580000)
 Metaspace       used 93742K, capacity 100685K, committed 100864K, reserved 1136640K
  class space    used 12962K, capacity 14566K, committed 14592K, reserved 1048576K
Event: 71.803 GC heap after
Heap after GC invocations=52 (full 5):
 PSYoungGen      total 113664K, used 10401K [0x00000000f5580000, 0x00000000ffa80000, 0x0000000100000000)
  eden space 60928K, 0% used [0x00000000f5580000,0x00000000f5580000,0x00000000f9100000)
  from space 52736K, 19% used [0x00000000f9100000,0x00000000f9b28680,0x00000000fc480000)
  to   space 50688K, 0% used [0x00000000fc900000,0x00000000fc900000,0x00000000ffa80000)
 ParOldGen       total 349696K, used 294899K [0x00000000e0000000, 0x00000000f5580000, 0x00000000f5580000)
  object space 349696K, 84% used [0x00000000e0000000,0x00000000f1ffcc08,0x00000000f5580000)
 Metaspace       used 93742K, capacity 100685K, committed 100864K, reserved 1136640K
  class space    used 12962K, capacity 14566K, committed 14592K, reserved 1048576K
}
Event: 73.465 GC heap before
{Heap before GC invocations=53 (full 5):
 PSYoungGen      total 113664K, used 71299K [0x00000000f5580000, 0x00000000ffa80000, 0x0000000100000000)
  eden space 60928K, 99% used [0x00000000f5580000,0x00000000f90f8830,0x00000000f9100000)
  from space 52736K, 19% used [0x00000000f9100000,0x00000000f9b28680,0x00000000fc480000)
  to   space 50688K, 0% used [0x00000000fc900000,0x00000000fc900000,0x00000000ffa80000)
 ParOldGen       total 349696K, used 294899K [0x00000000e0000000, 0x00000000f5580000, 0x00000000f5580000)
  object space 349696K, 84% used [0x00000000e0000000,0x00000000f1ffcc08,0x00000000f5580000)
 Metaspace       used 95291K, capacity 102421K, committed 102656K, reserved 1136640K
  class space    used 13192K, capacity 14837K, committed 14848K, reserved 1048576K
Event: 73.479 GC heap after
Heap after GC invocations=53 (full 5):
 PSYoungGen      total 119296K, used 6145K [0x00000000f5580000, 0x00000000ffa80000, 0x0000000100000000)
  eden space 68608K, 0% used [0x00000000f5580000,0x00000000f5580000,0x00000000f9880000)
  from space 50688K, 12% used [0x00000000fc900000,0x00000000fcf006a8,0x00000000ffa80000)
  to   space 49664K, 0% used [0x00000000f9880000,0x00000000f9880000,0x00000000fc900000)
 ParOldGen       total 349696K, used 295436K [0x00000000e0000000, 0x00000000f5580000, 0x00000000f5580000)
  object space 349696K, 84% used [0x00000000e0000000,0x00000000f2083128,0x00000000f5580000)
 Metaspace       used 95291K, capacity 102421K, committed 102656K, reserved 1136640K
  class space    used 13192K, capacity 14837K, committed 14848K, reserved 1048576K
}
Event: 1019.320 GC heap before
{Heap before GC invocations=54 (full 5):
 PSYoungGen      total 119296K, used 74753K [0x00000000f5580000, 0x00000000ffa80000, 0x0000000100000000)
  eden space 68608K, 100% used [0x00000000f5580000,0x00000000f9880000,0x00000000f9880000)
  from space 50688K, 12% used [0x00000000fc900000,0x00000000fcf006a8,0x00000000ffa80000)
  to   space 49664K, 0% used [0x00000000f9880000,0x00000000f9880000,0x00000000fc900000)
 ParOldGen       total 349696K, used 295436K [0x00000000e0000000, 0x00000000f5580000, 0x00000000f5580000)
  object space 349696K, 84% used [0x00000000e0000000,0x00000000f2083128,0x00000000f5580000)
 Metaspace       used 100483K, capacity 107929K, committed 108032K, reserved 1142784K
  class space    used 13653K, capacity 15307K, committed 15360K, reserved 1048576K
Event: 1019.394 GC heap after
Heap after GC invocations=54 (full 5):
 PSYoungGen      total 118272K, used 9065K [0x00000000f5580000, 0x00000000ffb00000, 0x0000000100000000)
  eden space 68608K, 0% used [0x00000000f5580000,0x00000000f5580000,0x00000000f9880000)
  from space 49664K, 18% used [0x00000000f9880000,0x00000000fa15a6b0,0x00000000fc900000)
  to   space 47616K, 0% used [0x00000000fcc80000,0x00000000fcc80000,0x00000000ffb00000)
 ParOldGen       total 349696K, used 296462K [0x00000000e0000000, 0x00000000f5580000, 0x00000000f5580000)
  object space 349696K, 84% used [0x00000000e0000000,0x00000000f2183810,0x00000000f5580000)
 Metaspace       used 100483K, capacity 107929K, committed 108032K, reserved 1142784K
  class space    used 13653K, capacity 15307K, committed 15360K, reserved 1048576K
}
Event: 1024.424 GC heap before
{Heap before GC invocations=55 (full 5):
 PSYoungGen      total 118272K, used 77673K [0x00000000f5580000, 0x00000000ffb00000, 0x0000000100000000)
  eden space 68608K, 100% used [0x00000000f5580000,0x00000000f9880000,0x00000000f9880000)
  from space 49664K, 18% used [0x00000000f9880000,0x00000000fa15a6b0,0x00000000fc900000)
  to   space 47616K, 0% used [0x00000000fcc80000,0x00000000fcc80000,0x00000000ffb00000)
 ParOldGen       total 349696K, used 296462K [0x00000000e0000000, 0x00000000f5580000, 0x00000000f5580000)
  object space 349696K, 84% used [0x00000000e0000000,0x00000000f2183810,0x00000000f5580000)
 Metaspace       used 100715K, capacity 108281K, committed 108544K, reserved 1142784K
  class space    used 13672K, capacity 15341K, committed 15360K, reserved 1048576K
Event: 1024.461 GC heap after
Heap after GC invocations=55 (full 5):
 PSYoungGen      total 119808K, used 15856K [0x00000000f5580000, 0x00000000ff700000, 0x0000000100000000)
  eden space 76288K, 0% used [0x00000000f5580000,0x00000000f5580000,0x00000000fa000000)
  from space 43520K, 36% used [0x00000000fcc80000,0x00000000fdbfc020,0x00000000ff700000)
  to   space 44544K, 0% used [0x00000000fa000000,0x00000000fa000000,0x00000000fcb80000)
 ParOldGen       total 349696K, used 302006K [0x00000000e0000000, 0x00000000f5580000, 0x00000000f5580000)
  object space 349696K, 86% used [0x00000000e0000000,0x00000000f26edb38,0x00000000f5580000)
 Metaspace       used 100715K, capacity 108281K, committed 108544K, reserved 1142784K
  class space    used 13672K, capacity 15341K, committed 15360K, reserved 1048576K
}

Deoptimization events (10 events):
Event: 1019.051 Thread 0x00000000173f3000 Uncommon trap: reason=array_check action=maybe_recompile pc=0x00000000051c7584 method=java.util.ComparableTimSort.binarySort([Ljava/lang/Object;III)V @ 215
Event: 1019.298 Thread 0x00000000173f3000 Uncommon trap: reason=class_check action=maybe_recompile pc=0x000000000398bb80 method=org.gradle.util.GUtil.addToCollection(Ljava/util/Collection;Z[Ljava/lang/Iterable;)Ljava/util/Collection; @ 24
Event: 1019.305 Thread 0x00000000173f3000 Uncommon trap: reason=class_check action=maybe_recompile pc=0x000000000398bb80 method=org.gradle.util.GUtil.addToCollection(Ljava/util/Collection;Z[Ljava/lang/Iterable;)Ljava/util/Collection; @ 24
Event: 1019.497 Thread 0x00000000173f3000 Uncommon trap: reason=null_check action=make_not_entrant pc=0x00000000065065e0 method=org.gradle.api.internal.collections.CollectionFilter.filter(Ljava/lang/Object;)Ljava/lang/Object; @ 5
Event: 1019.736 Thread 0x00000000173f3000 Uncommon trap: reason=class_check action=maybe_recompile pc=0x0000000005258724 method=java.util.Collections.binarySearch(Ljava/util/List;Ljava/lang/Object;Ljava/util/Comparator;)I @ 11
Event: 1019.736 Thread 0x00000000173f3000 Uncommon trap: reason=class_check action=maybe_recompile pc=0x0000000005258f98 method=java.util.Collections.indexedBinarySearch(Ljava/util/List;Ljava/lang/Object;Ljava/util/Comparator;)I @ 3
Event: 1019.802 Thread 0x00000000173f3000 Uncommon trap: reason=array_check action=maybe_recompile pc=0x00000000053fc54c method=java.util.ComparableTimSort.binarySort([Ljava/lang/Object;III)V @ 193
Event: 1019.920 Thread 0x00000000173f3000 Uncommon trap: reason=array_check action=maybe_recompile pc=0x00000000053fc54c method=java.util.ComparableTimSort.binarySort([Ljava/lang/Object;III)V @ 193
Event: 1020.278 Thread 0x00000000173f3000 Uncommon trap: reason=array_check action=maybe_recompile pc=0x00000000053fc54c method=java.util.ComparableTimSort.binarySort([Ljava/lang/Object;III)V @ 193
Event: 1021.997 Thread 0x00000000173f3000 Uncommon trap: reason=unstable_if action=reinterpret pc=0x00000000050d8e98 method=org.gradle.internal.component.external.model.DefaultModuleComponentArtifactIdentifier.equals(Ljava/lang/Object;)Z @ 40

Classes redefined (0 events):
No events

Internal exceptions (10 events):
Event: 77.396 Thread 0x0000000017e05000 Exception <a 'sun/nio/fs/WindowsException'> (0x00000000f64ec3d0) thrown at [C:\re\workspace\8-2-build-windows-amd64-cygwin\jdk8u191\11896\hotspot\src\share\vm\prims\jni.cpp, line 709]
Event: 77.396 Thread 0x0000000017e05000 Exception <a 'sun/nio/fs/WindowsException'> (0x00000000f64ede70) thrown at [C:\re\workspace\8-2-build-windows-amd64-cygwin\jdk8u191\11896\hotspot\src\share\vm\prims\jni.cpp, line 709]
Event: 77.397 Thread 0x0000000017e05000 Exception <a 'sun/nio/fs/WindowsException'> (0x00000000f64ef9a8) thrown at [C:\re\workspace\8-2-build-windows-amd64-cygwin\jdk8u191\11896\hotspot\src\share\vm\prims\jni.cpp, line 709]
Event: 77.403 Thread 0x0000000017e05000 Implicit null exception at 0x0000000004b1b582 to 0x0000000004b1c15d
Event: 77.546 Thread 0x0000000017e05000 Implicit null exception at 0x00000000042054ac to 0x00000000042054f5
Event: 997.156 Thread 0x00000000173f3000 Implicit null exception at 0x0000000005d9dac7 to 0x0000000005da0e3d
Event: 1008.844 Thread 0x00000000173fe000 Implicit null exception at 0x0000000005c633e5 to 0x0000000005c6503d
Event: 1019.497 Thread 0x00000000173f3000 Implicit null exception at 0x000000000650649f to 0x00000000065065cd
Event: 1024.200 Thread 0x00000000173f3000 Implicit null exception at 0x0000000004040772 to 0x0000000004040e26
Event: 1024.200 Thread 0x00000000173f3000 Exception <a 'java/lang/NullPointerException'> (0x00000000f8dea180) thrown at [C:\re\workspace\8-2-build-windows-amd64-cygwin\jdk8u191\11896\hotspot\src\share\vm\runtime\sharedRuntime.cpp, line 605]

Events (10 events):
Event: 1024.350 Thread 0x00000000142d0000 flushing nmethod 0x000000000537b990
Event: 1024.351 Thread 0x00000000142d0000 flushing nmethod 0x000000000539bc10
Event: 1024.351 Thread 0x00000000142d0000 flushing nmethod 0x00000000054667d0
Event: 1024.365 Thread 0x00000000142c5000 flushing nmethod 0x0000000005e34650
Event: 1024.365 Thread 0x00000000142c5000 flushing nmethod 0x0000000005e42450
Event: 1024.367 Thread 0x00000000142c5000 flushing nmethod 0x00000000061b7150
Event: 1024.395 Executing VM operation: BulkRevokeBias
Event: 1024.395 Executing VM operation: BulkRevokeBias done
Event: 1024.424 Executing VM operation: ParallelGCFailedAllocation
Event: 1024.461 Executing VM operation: ParallelGCFailedAllocation done


Dynamic libraries:
0x00007ff751b50000 - 0x00007ff751b87000 	C:\Program Files\Java\jdk1.8.0_191\bin\java.exe
0x00007ff8e1950000 - 0x00007ff8e1b31000 	C:\WINDOWS\SYSTEM32\ntdll.dll
0x00007ff8e08a0000 - 0x00007ff8e0952000 	C:\WINDOWS\System32\KERNEL32.DLL
0x00007ff8de260000 - 0x00007ff8de4d3000 	C:\WINDOWS\System32\KERNELBASE.dll
0x00007ff8e0350000 - 0x00007ff8e03f1000 	C:\WINDOWS\System32\ADVAPI32.dll
0x00007ff8e1140000 - 0x00007ff8e11de000 	C:\WINDOWS\System32\msvcrt.dll
0x00007ff8e1890000 - 0x00007ff8e18eb000 	C:\WINDOWS\System32\sechost.dll
0x00007ff8e0220000 - 0x00007ff8e0344000 	C:\WINDOWS\System32\RPCRT4.dll
0x00007ff8e06b0000 - 0x00007ff8e0840000 	C:\WINDOWS\System32\USER32.dll
0x00007ff8de530000 - 0x00007ff8de550000 	C:\WINDOWS\System32\win32u.dll
0x00007ff8e18f0000 - 0x00007ff8e1918000 	C:\WINDOWS\System32\GDI32.dll
0x00007ff8de0c0000 - 0x00007ff8de252000 	C:\WINDOWS\System32\gdi32full.dll
0x00007ff8ded40000 - 0x00007ff8deddf000 	C:\WINDOWS\System32\msvcp_win.dll
0x00007ff8ddd20000 - 0x00007ff8dde1a000 	C:\WINDOWS\System32\ucrtbase.dll
0x00007ff8cfe50000 - 0x00007ff8d00b9000 	C:\WINDOWS\WinSxS\amd64_microsoft.windows.common-controls_6595b64144ccf1df_6.0.17134.112_none_fb3f961b30681c12\COMCTL32.dll
0x00007ff8e1480000 - 0x00007ff8e17a3000 	C:\WINDOWS\System32\combase.dll
0x00007ff8de550000 - 0x00007ff8de5ca000 	C:\WINDOWS\System32\bcryptPrimitives.dll
0x00007ff8e1860000 - 0x00007ff8e188d000 	C:\WINDOWS\System32\IMM32.DLL
0x0000000066a40000 - 0x0000000066b12000 	C:\Program Files\Java\jdk1.8.0_191\jre\bin\msvcr100.dll
0x0000000066190000 - 0x0000000066a34000 	C:\Program Files\Java\jdk1.8.0_191\jre\bin\server\jvm.dll
0x00007ff8e0e30000 - 0x00007ff8e0e38000 	C:\WINDOWS\System32\PSAPI.DLL
0x00007ff8c7390000 - 0x00007ff8c7399000 	C:\WINDOWS\SYSTEM32\WSOCK32.dll
0x00007ff8db260000 - 0x00007ff8db283000 	C:\WINDOWS\SYSTEM32\WINMM.dll
0x00007ff8e0dc0000 - 0x00007ff8e0e2c000 	C:\WINDOWS\System32\WS2_32.dll
0x00007ff8d8c30000 - 0x00007ff8d8c3a000 	C:\WINDOWS\SYSTEM32\VERSION.dll
0x00007ff8db230000 - 0x00007ff8db25a000 	C:\WINDOWS\SYSTEM32\WINMMBASE.dll
0x00007ff8de4e0000 - 0x00007ff8de529000 	C:\WINDOWS\System32\cfgmgr32.dll
0x0000000066180000 - 0x000000006618f000 	C:\Program Files\Java\jdk1.8.0_191\jre\bin\verify.dll
0x0000000066150000 - 0x0000000066179000 	C:\Program Files\Java\jdk1.8.0_191\jre\bin\java.dll
0x0000000066130000 - 0x0000000066146000 	C:\Program Files\Java\jdk1.8.0_191\jre\bin\zip.dll
0x00007ff8dede0000 - 0x00007ff8e0220000 	C:\WINDOWS\System32\SHELL32.dll
0x00007ff8e17b0000 - 0x00007ff8e1859000 	C:\WINDOWS\System32\shcore.dll
0x00007ff8de5d0000 - 0x00007ff8decdd000 	C:\WINDOWS\System32\windows.storage.dll
0x00007ff8e0520000 - 0x00007ff8e0571000 	C:\WINDOWS\System32\shlwapi.dll
0x00007ff8ddd00000 - 0x00007ff8ddd11000 	C:\WINDOWS\System32\kernel.appcore.dll
0x00007ff8ddcb0000 - 0x00007ff8ddccf000 	C:\WINDOWS\System32\profapi.dll
0x00007ff8ddc60000 - 0x00007ff8ddcac000 	C:\WINDOWS\System32\powrprof.dll
0x00007ff8ddcd0000 - 0x00007ff8ddcda000 	C:\WINDOWS\System32\FLTLIB.DLL
0x0000000066110000 - 0x000000006612a000 	C:\Program Files\Java\jdk1.8.0_191\jre\bin\net.dll
0x00007ff8dd480000 - 0x00007ff8dd4e6000 	C:\WINDOWS\system32\mswsock.dll
0x00000000660f0000 - 0x0000000066101000 	C:\Program Files\Java\jdk1.8.0_191\jre\bin\nio.dll
0x00007ff8dbac0000 - 0x00007ff8dbae6000 	C:\Users\Dimitris\.gradle\native\30\windows-amd64\native-platform.dll
0x00000000660e0000 - 0x00000000660ed000 	C:\Program Files\Java\jdk1.8.0_191\jre\bin\management.dll
0x00007ff8dd630000 - 0x00007ff8dd647000 	C:\WINDOWS\SYSTEM32\CRYPTSP.dll
0x00007ff8dd060000 - 0x00007ff8dd093000 	C:\WINDOWS\system32\rsaenh.dll
0x00007ff8dd760000 - 0x00007ff8dd785000 	C:\WINDOWS\SYSTEM32\bcrypt.dll
0x00007ff8ddb60000 - 0x00007ff8ddb88000 	C:\WINDOWS\SYSTEM32\USERENV.dll
0x00007ff8dd650000 - 0x00007ff8dd65b000 	C:\WINDOWS\SYSTEM32\CRYPTBASE.dll
0x00007ff8dd200000 - 0x00007ff8dd238000 	C:\WINDOWS\SYSTEM32\IPHLPAPI.DLL
0x00007ff8e1470000 - 0x00007ff8e1478000 	C:\WINDOWS\System32\NSI.dll
0x00007ff8d88c0000 - 0x00007ff8d88d6000 	C:\WINDOWS\SYSTEM32\dhcpcsvc6.DLL
0x00007ff8d87c0000 - 0x00007ff8d87da000 	C:\WINDOWS\SYSTEM32\dhcpcsvc.DLL
0x00000000660b0000 - 0x00000000660d4000 	C:\Program Files\Java\jdk1.8.0_191\jre\bin\sunec.dll
0x00007ff8dd240000 - 0x00007ff8dd2fe000 	C:\WINDOWS\SYSTEM32\DNSAPI.dll
0x00007ff8d77f0000 - 0x00007ff8d77fa000 	C:\Windows\System32\rasadhlp.dll
0x00007ff8d3800000 - 0x00007ff8d3872000 	C:\WINDOWS\System32\fwpuclnt.dll
0x00000000660a0000 - 0x00000000660ab000 	C:\Program Files\Java\jdk1.8.0_191\jre\bin\sunmscapi.dll
0x00007ff8dded0000 - 0x00007ff8de0b2000 	C:\WINDOWS\System32\CRYPT32.dll
0x00007ff8ddce0000 - 0x00007ff8ddcf2000 	C:\WINDOWS\System32\MSASN1.dll
0x0000000065f00000 - 0x0000000066099000 	C:\Program Files\Java\jdk1.8.0_191\jre\bin\awt.dll
0x00007ff8e0580000 - 0x00007ff8e0642000 	C:\WINDOWS\System32\OLEAUT32.dll
0x00007ff8dc0a0000 - 0x00007ff8dc12b000 	C:\WINDOWS\SYSTEM32\apphelp.dll
0x00007ff8dc320000 - 0x00007ff8dc3b8000 	C:\WINDOWS\system32\uxtheme.dll
0x00007ff8e1200000 - 0x00007ff8e1375000 	C:\WINDOWS\System32\MSCTF.dll
0x00007ff8dc3f0000 - 0x00007ff8dc419000 	C:\WINDOWS\system32\dwmapi.dll
0x00007ff8e0fe0000 - 0x00007ff8e1131000 	C:\WINDOWS\System32\ole32.dll

VM Arguments:
jvm_args: -XX:MaxMetaspaceSize=256m -XX:+HeapDumpOnOutOfMemoryError -Xms256m -Xmx512m -Dfile.encoding=windows-1252 -Duser.country=US -Duser.language=en -Duser.variant 
java_command: org.gradle.launcher.daemon.bootstrap.GradleDaemon 6.0.1
java_class_path (initial): C:\Users\Dimitris\.gradle\wrapper\dists\gradle-6.0.1-all\99d3u8wxs16ndehh90lbbir67\gradle-6.0.1\lib\gradle-launcher-6.0.1.jar
Launcher Type: SUN_STANDARD

Environment Variables:
JAVA_HOME=C:\Program Files\Java\jdk1.8.0_191
CLASSPATH=C:\Users\Dimitris\Desktop\tsekit\android\\gradle\wrapper\gradle-wrapper.jar
PATH=C:\Users\Dimitris\Desktop\tsekit\android\node_modules\.bin;C:\Users\Dimitris\Desktop\tsekit\node_modules\.bin;C:\Users\Dimitris\Desktop\node_modules\.bin;C:\Users\Dimitris\node_modules\.bin;C:\Users\node_modules\.bin;C:\node_modules\.bin;C:\Program Files\nodejs;C:\Users\Dimitris\Desktop\tsekit\node_modules\.bin;C:\Users\Dimitris\AppData\Local\Programs\Python\Python37;C:\Windows\system32;C:\Windows;C:\Windows\System32\Wbem;C:\Windows\System32\WindowsPowerShell\v1.0\;C:\Program Files (x86)\NVIDIA Corporation\PhysX\Common;C:\Program Files\NVIDIA Corporation\NVIDIA NvDLISR;C:\Program Files\PostgreSQL\11\bin;C:\Program Files\Git\cmd;C:\Program Files\Redis\;C:\Program Files\PuTTY\;C:\Users\Dimitris\AppData\Local\Programs\Python\Python37\python;C:\Users\Dimitris\AppData\Local\Programs\Python\Python37\;C:\Users\Dimitris\AppData\Local\Programs\Python\Python37\Scripts\;C:\Users\Dimitris\Desktop\ffmpeg-20200504-5767a2e-win64-static\bin;C:\Users\Dimitris\AppData\Local\Android\Sdk\platform-tools;C:\Program Files (x86)\Windows Kits\10\bin\10.0.16299.0\x86;C:\Program Files (x86)\Windows Kits\8.0\bin\x86;;C:\WINDOWS\system32;C:\WINDOWS;C:\WINDOWS\System32\Wbem;C:\WINDOWS\System32\WindowsPowerShell\v1.0\;C:\WINDOWS\System32\OpenSSH\;C:\Program Files\nodejs\;C:\Users\Dimitris\AppData\Local\Programs\Python\Python36\Scripts\;C:\Users\Dimitris\AppData\Local\Programs\Python\Python36\;C:\Users\Dimitris\AppData\Local\Programs\Python\Python37\Scripts\;C:\Users\Dimitris\AppData\Local\Programs\Python\Python37\;C:\Users\Dimitris\AppData\Local\Microsoft\WindowsApps;C:\Users\Dimitris\AppData\Local\Programs\Microsoft VS Code\bin;C:\Program Files\JetBrains\PyCharm 2019.1.3 free 2\bin;;C:\Program Files\heroku\bin;C:\Users\Dimitris\AppData\Local\Google\Cloud SDK\google-cloud-sdk\bin;C:\Users\Dimitris\Desktop\ffmpeg-20200504-5767a2e-win64-static\bin;C:\Users\Dimitris\AppData\Roaming\npm
USERNAME=Dimitris
OS=Windows_NT
PROCESSOR_IDENTIFIER=Intel64 Family 6 Model 60 Stepping 3, GenuineIntel



---------------  S Y S T E M  ---------------

OS: Windows 10.0 , 64 bit Build 17134 (10.0.17134.1)

CPU:total 4 (initial active 4) (2 cores per cpu, 2 threads per core) family 6 model 60 stepping 3, cmov, cx8, fxsr, mmx, sse, sse2, sse3, ssse3, sse4.1, sse4.2, popcnt, avx, avx2, aes, clmul, erms, lzcnt, ht, tsc, tscinvbit, bmi1, bmi2

Memory: 4k page, physical 16703500k(2668740k free), swap 26943500k(4704k free)

vm_info: Java HotSpot(TM) 64-Bit Server VM (25.191-b12) for windows-amd64 JRE (1.8.0_191-b12), built on Oct  6 2018 09:29:03 by "java_re" with MS VC++ 10.0 (VS2010)

time: Mon Sep 28 20:58:47 2020
elapsed time: 1024 seconds (0d 0h 17m 4s)

