#
# There is insufficient memory for the Java Runtime Environment to continue.
# Native memory allocation (malloc) failed to allocate 1310256 bytes for Chunk::new
# Possible reasons:
#   The system is out of physical RAM or swap space
#   In 32 bit mode, the process size limit was hit
# Possible solutions:
#   Reduce memory load on the system
#   Increase physical memory or swap space
#   Check if swap backing store is full
#   Use 64 bit Java on a 64 bit OS
#   Decrease Java heap size (-Xmx/-Xms)
#   Decrease number of Java threads
#   Decrease Java thread stack sizes (-Xss)
#   Set larger code cache with -XX:ReservedCodeCacheSize=
# This output file may be truncated or incomplete.
#
#  Out of Memory Error (allocation.cpp:390), pid=9888, tid=0x00000000000057d4
#
# JRE version: Java(TM) SE Runtime Environment (8.0_191-b12) (build 1.8.0_191-b12)
# Java VM: Java HotSpot(TM) 64-Bit Server VM (25.191-b12 mixed mode windows-amd64 compressed oops)
# Failed to write core dump. Minidumps are not enabled by default on client versions of Windows
#

---------------  T H R E A D  ---------------

Current thread (0x0000000014ced800):  JavaThread "C2 CompilerThread2" daemon [_thread_in_native, id=22484, stack(0x0000000017c20000,0x0000000017d20000)]

Stack: [0x0000000017c20000,0x0000000017d20000]
[error occurred during error reporting (printing stack bounds), id 0xc0000005]

Native frames: (J=compiled Java code, j=interpreted, Vv=VM code, C=native code)


Current CompileTask:
C2:   2636 1927       4       java.net.URLClassLoader$1::run (5 bytes)


---------------  P R O C E S S  ---------------

Java Threads: ( => current thread )
  0x00000000163ec800 JavaThread "Cache worker for file hash cache (C:\Users\Dimitris\Desktop\tsekit\android\.gradle\6.0.1\fileHashes)" [_thread_blocked, id=13220, stack(0x000000001d050000,0x000000001d150000)]
  0x00000000163e7000 JavaThread "Cache worker for journal cache (C:\Users\Dimitris\.gradle\caches\journal-1)" [_thread_blocked, id=3756, stack(0x000000001bd80000,0x000000001be80000)]
  0x00000000163e6000 JavaThread "File lock request listener" [_thread_in_native, id=12008, stack(0x000000001bc80000,0x000000001bd80000)]
  0x00000000163eb800 JavaThread "Cache worker for file hash cache (C:\Users\Dimitris\.gradle\caches\6.0.1\fileHashes)" [_thread_blocked, id=18980, stack(0x000000001bb80000,0x000000001bc80000)]
  0x0000000019e57800 JavaThread "Thread-9" [_thread_blocked, id=21864, stack(0x000000001ba80000,0x000000001bb80000)]
  0x0000000019dcb000 JavaThread "Stdin handler" [_thread_blocked, id=20984, stack(0x000000001b980000,0x000000001ba80000)]
  0x0000000019dc8000 JavaThread "Asynchronous log dispatcher for DefaultDaemonConnection: socket connection from /127.0.0.1:64040 to /127.0.0.1:64041" [_thread_blocked, id=2852, stack(0x000000001b880000,0x000000001b980000)]
  0x0000000019dc4800 JavaThread "Daemon worker" [_thread_in_Java, id=15496, stack(0x000000001b580000,0x000000001b680000)]
  0x0000000019dc1800 JavaThread "Cancel handler" [_thread_blocked, id=15308, stack(0x000000001b480000,0x000000001b580000)]
  0x0000000019dce000 JavaThread "Handler for socket connection from /127.0.0.1:64040 to /127.0.0.1:64041" [_thread_in_native, id=9120, stack(0x000000001b280000,0x000000001b380000)]
  0x0000000019dcd000 JavaThread "Daemon" [_thread_blocked, id=24580, stack(0x000000001b180000,0x000000001b280000)]
  0x0000000019da8800 JavaThread "Daemon periodic checks" [_thread_blocked, id=22492, stack(0x000000001b080000,0x000000001b180000)]
  0x0000000019d9a000 JavaThread "Incoming local TCP Connector on port 64040" [_thread_in_native, id=16156, stack(0x0000000018120000,0x0000000018220000)]
  0x0000000019d4d800 JavaThread "Daemon health stats" [_thread_blocked, id=6988, stack(0x0000000018020000,0x0000000018120000)]
  0x0000000016413800 JavaThread "Service Thread" daemon [_thread_blocked, id=15212, stack(0x0000000017e20000,0x0000000017f20000)]
  0x00000000163ed000 JavaThread "C1 CompilerThread3" daemon [_thread_blocked, id=14492, stack(0x0000000017d20000,0x0000000017e20000)]
=>0x0000000014ced800 JavaThread "C2 CompilerThread2" daemon [_thread_in_native, id=22484, stack(0x0000000017c20000,0x0000000017d20000)]
  0x00000000163d8800 JavaThread "C2 CompilerThread1" daemon [_thread_in_native, id=6612, stack(0x0000000017b20000,0x0000000017c20000)]
  0x00000000163d4000 JavaThread "C2 CompilerThread0" daemon [_thread_in_native, id=15628, stack(0x0000000017a20000,0x0000000017b20000)]
  0x00000000163d1800 JavaThread "Attach Listener" daemon [_thread_blocked, id=19764, stack(0x0000000017920000,0x0000000017a20000)]
  0x00000000163d0800 JavaThread "Signal Dispatcher" daemon [_thread_blocked, id=19208, stack(0x0000000017820000,0x0000000017920000)]
  0x0000000014ce3000 JavaThread "Finalizer" daemon [_thread_blocked, id=4916, stack(0x0000000017630000,0x0000000017730000)]
  0x00000000163c3000 JavaThread "Reference Handler" daemon [_thread_blocked, id=7148, stack(0x0000000017530000,0x0000000017630000)]
  0x0000000003172800 JavaThread "main" [_thread_blocked, id=11348, stack(0x0000000003010000,0x0000000003110000)]

Other Threads:
  0x0000000014cd6800 VMThread [stack: 0x0000000017430000,0x0000000017530000] [id=6544]
  0x0000000016415800 WatcherThread [stack: 0x0000000017f20000,0x0000000018020000] [id=10028]

VM state:not at safepoint (normal execution)

VM Mutex/Monitor currently owned by a thread: None

Heap:
 PSYoungGen      total 76288K, used 43465K [0x00000000f5580000, 0x00000000faa80000, 0x0000000100000000)
  eden space 65536K, 66% used [0x00000000f5580000,0x00000000f7ff2748,0x00000000f9580000)
  from space 10752K, 0% used [0x00000000f9580000,0x00000000f9580000,0x00000000fa000000)
  to   space 10752K, 0% used [0x00000000fa000000,0x00000000fa000000,0x00000000faa80000)
 ParOldGen       total 175104K, used 11928K [0x00000000e0000000, 0x00000000eab00000, 0x00000000f5580000)
  object space 175104K, 6% used [0x00000000e0000000,0x00000000e0ba6138,0x00000000eab00000)
 Metaspace       used 26017K, capacity 26636K, committed 26880K, reserved 1073152K
  class space    used 3591K, capacity 3776K, committed 3840K, reserved 1048576K

Card table byte_map: [0x0000000012630000,0x0000000012740000] byte_map_base: 0x0000000011f30000

Marking Bits: (ParMarkBitMap*) 0x0000000050883e30
 Begin Bits: [0x00000000131f0000, 0x00000000139f0000)
 End Bits:   [0x00000000139f0000, 0x00000000141f0000)

Polling page: 0x0000000000df0000

CodeCache: size=245760Kb used=8500Kb max_used=8500Kb free=237259Kb
 bounds [0x0000000003270000, 0x0000000003ad0000, 0x0000000012270000]
 total_blobs=2789 nmethods=2124 adapters=576
 compilation: enabled

Compilation events (10 events):
Event: 2.627 Thread 0x00000000163ed000 2128       3       sun.reflect.NativeMethodAccessorImpl::<init> (10 bytes)
Event: 2.627 Thread 0x00000000163ed000 nmethod 2128 0x0000000003ab7f10 code [0x0000000003ab8080, 0x0000000003ab8310]
Event: 2.627 Thread 0x00000000163ed000 2132       1       org.gradle.internal.logging.events.RenderableOutputEvent::getBuildOperationId (5 bytes)
Event: 2.627 Thread 0x00000000163ed000 nmethod 2132 0x0000000003ab8450 code [0x0000000003ab85a0, 0x0000000003ab86b0]
Event: 2.628 Thread 0x00000000163ed000 2133       1       java.util.Formatter::access$000 (5 bytes)
Event: 2.628 Thread 0x00000000163ed000 nmethod 2133 0x0000000003ab8950 code [0x0000000003ab8aa0, 0x0000000003ab8b90]
Event: 2.631 Thread 0x00000000163ed000 2135       1       java.lang.StackTraceElement::getClassName (5 bytes)
Event: 2.631 Thread 0x00000000163ed000 nmethod 2135 0x0000000003ab8f90 code [0x0000000003ab90e0, 0x0000000003ab91f0]
Event: 2.631 Thread 0x00000000163ed000 2136       3       org.codehaus.groovy.runtime.StackTraceUtils::isApplicationClass (84 bytes)
Event: 2.632 Thread 0x00000000163ed000 nmethod 2136 0x0000000003ab9250 code [0x0000000003ab9460, 0x0000000003ab9f18]

GC Heap History (8 events):
Event: 0.778 GC heap before
{Heap before GC invocations=1 (full 0):
 PSYoungGen      total 76288K, used 65536K [0x00000000f5580000, 0x00000000faa80000, 0x0000000100000000)
  eden space 65536K, 100% used [0x00000000f5580000,0x00000000f9580000,0x00000000f9580000)
  from space 10752K, 0% used [0x00000000fa000000,0x00000000fa000000,0x00000000faa80000)
  to   space 10752K, 0% used [0x00000000f9580000,0x00000000f9580000,0x00000000fa000000)
 ParOldGen       total 175104K, used 0K [0x00000000e0000000, 0x00000000eab00000, 0x00000000f5580000)
  object space 175104K, 0% used [0x00000000e0000000,0x00000000e0000000,0x00000000eab00000)
 Metaspace       used 6998K, capacity 7224K, committed 7424K, reserved 1056768K
  class space    used 882K, capacity 948K, committed 1024K, reserved 1048576K
Event: 0.783 GC heap after
Heap after GC invocations=1 (full 0):
 PSYoungGen      total 76288K, used 5706K [0x00000000f5580000, 0x00000000faa80000, 0x0000000100000000)
  eden space 65536K, 0% used [0x00000000f5580000,0x00000000f5580000,0x00000000f9580000)
  from space 10752K, 53% used [0x00000000f9580000,0x00000000f9b12898,0x00000000fa000000)
  to   space 10752K, 0% used [0x00000000fa000000,0x00000000fa000000,0x00000000faa80000)
 ParOldGen       total 175104K, used 16K [0x00000000e0000000, 0x00000000eab00000, 0x00000000f5580000)
  object space 175104K, 0% used [0x00000000e0000000,0x00000000e0004000,0x00000000eab00000)
 Metaspace       used 6998K, capacity 7224K, committed 7424K, reserved 1056768K
  class space    used 882K, capacity 948K, committed 1024K, reserved 1048576K
}
Event: 1.649 GC heap before
{Heap before GC invocations=2 (full 0):
 PSYoungGen      total 76288K, used 71242K [0x00000000f5580000, 0x00000000faa80000, 0x0000000100000000)
  eden space 65536K, 100% used [0x00000000f5580000,0x00000000f9580000,0x00000000f9580000)
  from space 10752K, 53% used [0x00000000f9580000,0x00000000f9b12898,0x00000000fa000000)
  to   space 10752K, 0% used [0x00000000fa000000,0x00000000fa000000,0x00000000faa80000)
 ParOldGen       total 175104K, used 16K [0x00000000e0000000, 0x00000000eab00000, 0x00000000f5580000)
  object space 175104K, 0% used [0x00000000e0000000,0x00000000e0004000,0x00000000eab00000)
 Metaspace       used 14257K, capacity 14502K, committed 14720K, reserved 1062912K
  class space    used 2033K, capacity 2133K, committed 2176K, reserved 1048576K
Event: 1.657 GC heap after
Heap after GC invocations=2 (full 0):
 PSYoungGen      total 76288K, used 9503K [0x00000000f5580000, 0x00000000faa80000, 0x0000000100000000)
  eden space 65536K, 0% used [0x00000000f5580000,0x00000000f5580000,0x00000000f9580000)
  from space 10752K, 88% used [0x00000000fa000000,0x00000000fa947de0,0x00000000faa80000)
  to   space 10752K, 0% used [0x00000000f9580000,0x00000000f9580000,0x00000000fa000000)
 ParOldGen       total 175104K, used 24K [0x00000000e0000000, 0x00000000eab00000, 0x00000000f5580000)
  object space 175104K, 0% used [0x00000000e0000000,0x00000000e0006000,0x00000000eab00000)
 Metaspace       used 14257K, capacity 14502K, committed 14720K, reserved 1062912K
  class space    used 2033K, capacity 2133K, committed 2176K, reserved 1048576K
}
Event: 2.142 GC heap before
{Heap before GC invocations=3 (full 0):
 PSYoungGen      total 76288K, used 73729K [0x00000000f5580000, 0x00000000faa80000, 0x0000000100000000)
  eden space 65536K, 98% used [0x00000000f5580000,0x00000000f94388b8,0x00000000f9580000)
  from space 10752K, 88% used [0x00000000fa000000,0x00000000fa947de0,0x00000000faa80000)
  to   space 10752K, 0% used [0x00000000f9580000,0x00000000f9580000,0x00000000fa000000)
 ParOldGen       total 175104K, used 24K [0x00000000e0000000, 0x00000000eab00000, 0x00000000f5580000)
  object space 175104K, 0% used [0x00000000e0000000,0x00000000e0006000,0x00000000eab00000)
 Metaspace       used 20645K, capacity 21092K, committed 21296K, reserved 1067008K
  class space    used 3003K, capacity 3172K, committed 3200K, reserved 1048576K
Event: 2.153 GC heap after
Heap after GC invocations=3 (full 0):
 PSYoungGen      total 76288K, used 10730K [0x00000000f5580000, 0x00000000faa80000, 0x0000000100000000)
  eden space 65536K, 0% used [0x00000000f5580000,0x00000000f5580000,0x00000000f9580000)
  from space 10752K, 99% used [0x00000000f9580000,0x00000000f9ffabd8,0x00000000fa000000)
  to   space 10752K, 0% used [0x00000000fa000000,0x00000000fa000000,0x00000000faa80000)
 ParOldGen       total 175104K, used 1665K [0x00000000e0000000, 0x00000000eab00000, 0x00000000f5580000)
  object space 175104K, 0% used [0x00000000e0000000,0x00000000e01a0520,0x00000000eab00000)
 Metaspace       used 20645K, capacity 21092K, committed 21296K, reserved 1067008K
  class space    used 3003K, capacity 3172K, committed 3200K, reserved 1048576K
}
Event: 2.153 GC heap before
{Heap before GC invocations=4 (full 1):
 PSYoungGen      total 76288K, used 10730K [0x00000000f5580000, 0x00000000faa80000, 0x0000000100000000)
  eden space 65536K, 0% used [0x00000000f5580000,0x00000000f5580000,0x00000000f9580000)
  from space 10752K, 99% used [0x00000000f9580000,0x00000000f9ffabd8,0x00000000fa000000)
  to   space 10752K, 0% used [0x00000000fa000000,0x00000000fa000000,0x00000000faa80000)
 ParOldGen       total 175104K, used 1665K [0x00000000e0000000, 0x00000000eab00000, 0x00000000f5580000)
  object space 175104K, 0% used [0x00000000e0000000,0x00000000e01a0520,0x00000000eab00000)
 Metaspace       used 20645K, capacity 21092K, committed 21296K, reserved 1067008K
  class space    used 3003K, capacity 3172K, committed 3200K, reserved 1048576K
Event: 2.178 GC heap after
Heap after GC invocations=4 (full 1):
 PSYoungGen      total 76288K, used 0K [0x00000000f5580000, 0x00000000faa80000, 0x0000000100000000)
  eden space 65536K, 0% used [0x00000000f5580000,0x00000000f5580000,0x00000000f9580000)
  from space 10752K, 0% used [0x00000000f9580000,0x00000000f9580000,0x00000000fa000000)
  to   space 10752K, 0% used [0x00000000fa000000,0x00000000fa000000,0x00000000faa80000)
 ParOldGen       total 175104K, used 11928K [0x00000000e0000000, 0x00000000eab00000, 0x00000000f5580000)
  object space 175104K, 6% used [0x00000000e0000000,0x00000000e0ba6138,0x00000000eab00000)
 Metaspace       used 20645K, capacity 21092K, committed 21296K, reserved 1067008K
  class space    used 3003K, capacity 3172K, committed 3200K, reserved 1048576K
}

Deoptimization events (10 events):
Event: 2.365 Thread 0x0000000019dc4800 Uncommon trap: reason=class_check action=maybe_recompile pc=0x00000000038a3768 method=sun.misc.URLClassPath.getLoader(I)Lsun/misc/URLClassPath$Loader; @ 94
Event: 2.365 Thread 0x0000000019dc4800 Uncommon trap: reason=class_check action=maybe_recompile pc=0x00000000037f6c9c method=sun.misc.URLClassPath.getResource(Ljava/lang/String;Z)Lsun/misc/Resource; @ 62
Event: 2.365 Thread 0x0000000019dc4800 Uncommon trap: reason=unstable_if action=reinterpret pc=0x000000000387d63c method=java.lang.String.regionMatches(ZILjava/lang/String;II)Z @ 41
Event: 2.367 Thread 0x0000000019dc4800 Uncommon trap: reason=unstable_if action=reinterpret pc=0x000000000373a168 method=java.lang.ClassLoader.getClassLoadingLock(Ljava/lang/String;)Ljava/lang/Object; @ 6
Event: 2.379 Thread 0x0000000019dc4800 Uncommon trap: reason=class_check action=maybe_recompile pc=0x00000000038a39bc method=sun.misc.URLClassPath.getLoader(I)Lsun/misc/URLClassPath$Loader; @ 239
Event: 2.385 Thread 0x0000000019dc4800 Uncommon trap: reason=class_check action=maybe_recompile pc=0x00000000038a39bc method=sun.misc.URLClassPath.getLoader(I)Lsun/misc/URLClassPath$Loader; @ 239
Event: 2.530 Thread 0x0000000019dc4800 Uncommon trap: reason=unstable_if action=reinterpret pc=0x00000000034ea3bc method=sun.nio.cs.UTF_8$Decoder.decode([BII[C)I @ 30
Event: 2.531 Thread 0x0000000019dc4800 Uncommon trap: reason=unstable_if action=reinterpret pc=0x000000000341984c method=sun.nio.cs.UTF_8$Encoder.encode([CII[B)I @ 33
Event: 2.539 Thread 0x0000000019dc4800 Uncommon trap: reason=class_check action=maybe_recompile pc=0x00000000038a3768 method=sun.misc.URLClassPath.getLoader(I)Lsun/misc/URLClassPath$Loader; @ 94
Event: 2.543 Thread 0x0000000019dc4800 Uncommon trap: reason=class_check action=maybe_recompile pc=0x00000000038b0960 method=sun.misc.URLClassPath.getLoader(I)Lsun/misc/URLClassPath$Loader; @ 239

Classes redefined (0 events):
No events

Internal exceptions (10 events):
Event: 2.614 Thread 0x0000000019dc4800 Exception <a 'java/lang/ClassNotFoundException': java/lang/StringCustomizer> (0x00000000f7c8cf38) thrown at [C:\re\workspace\8-2-build-windows-amd64-cygwin\jdk8u191\11896\hotspot\src\share\vm\classfile\systemDictionary.cpp, line 210]
Event: 2.620 Thread 0x0000000019dc4800 Exception <a 'java/lang/ClassNotFoundException': org/gradle/internal/logging/slf4j/OutputEventListenerBackedLoggerBeanInfo> (0x00000000f7d73790) thrown at [C:\re\workspace\8-2-build-windows-amd64-cygwin\jdk8u191\11896\hotspot\src\share\vm\classfile\system
Event: 2.620 Thread 0x0000000019dc4800 Exception <a 'java/lang/ClassNotFoundException': org/gradle/internal/logging/slf4j/BuildOperationAwareLoggerBeanInfo> (0x00000000f7dab668) thrown at [C:\re\workspace\8-2-build-windows-amd64-cygwin\jdk8u191\11896\hotspot\src\share\vm\classfile\systemDictio
Event: 2.621 Thread 0x0000000019dc4800 Exception <a 'java/lang/ClassNotFoundException': org/gradle/internal/logging/slf4j/BuildOperationAwareLoggerCustomizer> (0x00000000f7de4038) thrown at [C:\re\workspace\8-2-build-windows-amd64-cygwin\jdk8u191\11896\hotspot\src\share\vm\classfile\systemDict
Event: 2.622 Thread 0x0000000019dc4800 Exception <a 'java/lang/ClassNotFoundException': org/gradle/internal/logging/slf4j/OutputEventListenerBackedLoggerCustomizer> (0x00000000f7e24240) thrown at [C:\re\workspace\8-2-build-windows-amd64-cygwin\jdk8u191\11896\hotspot\src\share\vm\classfile\syst
Event: 2.626 Thread 0x0000000019dc4800 Exception <a 'java/lang/ClassNotFoundException': java/lang/ExceptionBeanInfo> (0x00000000f7e95230) thrown at [C:\re\workspace\8-2-build-windows-amd64-cygwin\jdk8u191\11896\hotspot\src\share\vm\classfile\systemDictionary.cpp, line 210]
Event: 2.626 Thread 0x0000000019dc4800 Exception <a 'java/lang/ClassNotFoundException': java/lang/ThrowableBeanInfo> (0x00000000f7e99058) thrown at [C:\re\workspace\8-2-build-windows-amd64-cygwin\jdk8u191\11896\hotspot\src\share\vm\classfile\systemDictionary.cpp, line 210]
Event: 2.626 Thread 0x0000000019dc4800 Exception <a 'java/lang/ClassNotFoundException': java/lang/ThrowableCustomizer> (0x00000000f7e9ce90) thrown at [C:\re\workspace\8-2-build-windows-amd64-cygwin\jdk8u191\11896\hotspot\src\share\vm\classfile\systemDictionary.cpp, line 210]
Event: 2.627 Thread 0x0000000019dc4800 Exception <a 'java/lang/ClassNotFoundException': java/lang/ExceptionCustomizer> (0x00000000f7eaae68) thrown at [C:\re\workspace\8-2-build-windows-amd64-cygwin\jdk8u191\11896\hotspot\src\share\vm\classfile\systemDictionary.cpp, line 210]
Event: 2.627 Thread 0x0000000019dc4800 Exception <a 'java/lang/reflect/InvocationTargetException'> (0x00000000f7eb28f0) thrown at [C:\re\workspace\8-2-build-windows-amd64-cygwin\jdk8u191\11896\hotspot\src\share\vm\runtime\reflection.cpp, line 1092]

Events (10 events):
Event: 2.631 loading class org/gradle/internal/serialize/ExceptionReplacingObjectOutputStream$1
Event: 2.631 loading class org/gradle/internal/serialize/ExceptionReplacingObjectOutputStream$1 done
Event: 2.631 loading class java/util/logging/LogRecord
Event: 2.631 loading class java/util/logging/LogRecord done
Event: 2.633 loading class org/gradle/internal/resources/DefaultResourceLockCoordinationService$ReleaseLocks
Event: 2.633 loading class org/gradle/internal/resources/DefaultResourceLockCoordinationService$ReleaseLocks done
Event: 2.633 loading class com/google/common/collect/AbstractMapBasedMultimap$AsMap
Event: 2.633 loading class com/google/common/collect/AbstractMapBasedMultimap$AsMap done
Event: 2.633 loading class com/google/common/collect/Maps$ViewCachingAbstractMap
Event: 2.633 loading class com/google/common/collect/Maps$ViewCachingAbstractMap done


Dynamic libraries:
0x00007ff76ce90000 - 0x00007ff76cec7000 	C:\Program Files\Java\jdk1.8.0_191\bin\java.exe
0x00007fff0c170000 - 0x00007fff0c351000 	C:\WINDOWS\SYSTEM32\ntdll.dll
0x00007fff09b80000 - 0x00007fff09c32000 	C:\WINDOWS\System32\KERNEL32.DLL
0x00007fff09380000 - 0x00007fff095f3000 	C:\WINDOWS\System32\KERNELBASE.dll
0x00007fff0bd30000 - 0x00007fff0bdd1000 	C:\WINDOWS\System32\ADVAPI32.dll
0x00007fff0b090000 - 0x00007fff0b12e000 	C:\WINDOWS\System32\msvcrt.dll
0x00007fff0bcd0000 - 0x00007fff0bd2b000 	C:\WINDOWS\System32\sechost.dll
0x00007fff0b220000 - 0x00007fff0b344000 	C:\WINDOWS\System32\RPCRT4.dll
0x00007fff0b560000 - 0x00007fff0b6f0000 	C:\WINDOWS\System32\USER32.dll
0x00007fff08900000 - 0x00007fff08920000 	C:\WINDOWS\System32\win32u.dll
0x00007fff0bb60000 - 0x00007fff0bb88000 	C:\WINDOWS\System32\GDI32.dll
0x00007fff08920000 - 0x00007fff08ab2000 	C:\WINDOWS\System32\gdi32full.dll
0x00007fff08860000 - 0x00007fff088ff000 	C:\WINDOWS\System32\msvcp_win.dll
0x00007fff09280000 - 0x00007fff0937a000 	C:\WINDOWS\System32\ucrtbase.dll
0x00007ffefb240000 - 0x00007ffefb4a9000 	C:\WINDOWS\WinSxS\amd64_microsoft.windows.common-controls_6595b64144ccf1df_6.0.17134.112_none_fb3f961b30681c12\COMCTL32.dll
0x00007fff0bde0000 - 0x00007fff0c103000 	C:\WINDOWS\System32\combase.dll
0x00007fff087e0000 - 0x00007fff0885a000 	C:\WINDOWS\System32\bcryptPrimitives.dll
0x00007fff0bc30000 - 0x00007fff0bc5d000 	C:\WINDOWS\System32\IMM32.DLL
0x0000000050f90000 - 0x0000000051062000 	C:\Program Files\Java\jdk1.8.0_191\jre\bin\msvcr100.dll
0x0000000050060000 - 0x0000000050904000 	C:\Program Files\Java\jdk1.8.0_191\jre\bin\server\jvm.dll
0x00007fff0bc60000 - 0x00007fff0bc68000 	C:\WINDOWS\System32\PSAPI.DLL
0x00007fff061d0000 - 0x00007fff061f3000 	C:\WINDOWS\SYSTEM32\WINMM.dll
0x00007fff04460000 - 0x00007fff0446a000 	C:\WINDOWS\SYSTEM32\VERSION.dll
0x00007ffef5d00000 - 0x00007ffef5d09000 	C:\WINDOWS\SYSTEM32\WSOCK32.dll
0x00007fff0b870000 - 0x00007fff0b8dc000 	C:\WINDOWS\System32\WS2_32.dll
0x00007fff061a0000 - 0x00007fff061ca000 	C:\WINDOWS\SYSTEM32\WINMMBASE.dll
0x00007fff08730000 - 0x00007fff08779000 	C:\WINDOWS\System32\cfgmgr32.dll
0x0000000050f80000 - 0x0000000050f8f000 	C:\Program Files\Java\jdk1.8.0_191\jre\bin\verify.dll
0x0000000050f50000 - 0x0000000050f79000 	C:\Program Files\Java\jdk1.8.0_191\jre\bin\java.dll
0x0000000050f30000 - 0x0000000050f46000 	C:\Program Files\Java\jdk1.8.0_191\jre\bin\zip.dll
0x00007fff09c50000 - 0x00007fff0b090000 	C:\WINDOWS\System32\SHELL32.dll
0x00007fff0b350000 - 0x00007fff0b3f9000 	C:\WINDOWS\System32\shcore.dll
0x00007fff08ac0000 - 0x00007fff091cd000 	C:\WINDOWS\System32\windows.storage.dll
0x00007fff0b8e0000 - 0x00007fff0b931000 	C:\WINDOWS\System32\shlwapi.dll
0x00007fff08500000 - 0x00007fff08511000 	C:\WINDOWS\System32\kernel.appcore.dll
0x00007fff08520000 - 0x00007fff0853f000 	C:\WINDOWS\System32\profapi.dll
0x00007fff084a0000 - 0x00007fff084ec000 	C:\WINDOWS\System32\powrprof.dll
0x00007fff084f0000 - 0x00007fff084fa000 	C:\WINDOWS\System32\FLTLIB.DLL
0x0000000050f10000 - 0x0000000050f2a000 	C:\Program Files\Java\jdk1.8.0_191\jre\bin\net.dll
0x00007fff07d00000 - 0x00007fff07d66000 	C:\WINDOWS\system32\mswsock.dll
0x0000000050ef0000 - 0x0000000050f01000 	C:\Program Files\Java\jdk1.8.0_191\jre\bin\nio.dll
0x00007ffef0750000 - 0x00007ffef0776000 	C:\Users\Dimitris\.gradle\native\30\windows-amd64\native-platform.dll
0x0000000050ee0000 - 0x0000000050eed000 	C:\Program Files\Java\jdk1.8.0_191\jre\bin\management.dll
0x00007fff07eb0000 - 0x00007fff07ec7000 	C:\WINDOWS\SYSTEM32\CRYPTSP.dll
0x00007fff078e0000 - 0x00007fff07913000 	C:\WINDOWS\system32\rsaenh.dll
0x00007fff07fe0000 - 0x00007fff08005000 	C:\WINDOWS\SYSTEM32\bcrypt.dll
0x00007fff08380000 - 0x00007fff083a8000 	C:\WINDOWS\SYSTEM32\USERENV.dll
0x00007fff07ed0000 - 0x00007fff07edb000 	C:\WINDOWS\SYSTEM32\CRYPTBASE.dll
0x00007fff07a80000 - 0x00007fff07ab8000 	C:\WINDOWS\SYSTEM32\IPHLPAPI.DLL
0x00007fff09c40000 - 0x00007fff09c48000 	C:\WINDOWS\System32\NSI.dll
0x00007fff02c20000 - 0x00007fff02c36000 	C:\WINDOWS\SYSTEM32\dhcpcsvc6.DLL
0x00007fff02c00000 - 0x00007fff02c1a000 	C:\WINDOWS\SYSTEM32\dhcpcsvc.DLL

VM Arguments:
jvm_args: -XX:MaxMetaspaceSize=256m -XX:+HeapDumpOnOutOfMemoryError -Xms256m -Xmx512m -Dfile.encoding=windows-1252 -Duser.country=US -Duser.language=en -Duser.variant 
java_command: org.gradle.launcher.daemon.bootstrap.GradleDaemon 6.0.1
java_class_path (initial): C:\Users\Dimitris\.gradle\wrapper\dists\gradle-6.0.1-all\99d3u8wxs16ndehh90lbbir67\gradle-6.0.1\lib\gradle-launcher-6.0.1.jar
Launcher Type: SUN_STANDARD

Environment Variables:
JAVA_HOME=C:\Program Files\Java\jdk1.8.0_191
CLASSPATH=C:\Users\Dimitris\Desktop\tsekit\android\\gradle\wrapper\gradle-wrapper.jar
PATH=C:\Users\Dimitris\Desktop\tsekit\android\node_modules\.bin;C:\Users\Dimitris\Desktop\tsekit\node_modules\.bin;C:\Users\Dimitris\Desktop\node_modules\.bin;C:\Users\Dimitris\node_modules\.bin;C:\Users\node_modules\.bin;C:\node_modules\.bin;C:\Program Files\nodejs;C:\Users\Dimitris\Desktop\tsekit\node_modules\.bin;C:\Users\Dimitris\AppData\Local\Programs\Python\Python37;C:\Windows\system32;C:\Windows;C:\Windows\System32\Wbem;C:\Windows\System32\WindowsPowerShell\v1.0\;C:\Program Files (x86)\NVIDIA Corporation\PhysX\Common;C:\Program Files\NVIDIA Corporation\NVIDIA NvDLISR;C:\Program Files\PostgreSQL\11\bin;C:\Program Files\Git\cmd;C:\Program Files\Redis\;C:\Program Files\PuTTY\;C:\Users\Dimitris\AppData\Local\Programs\Python\Python37\python;C:\Users\Dimitris\AppData\Local\Programs\Python\Python37\;C:\Users\Dimitris\AppData\Local\Programs\Python\Python37\Scripts\;C:\Users\Dimitris\Desktop\ffmpeg-20200504-5767a2e-win64-static\bin;C:\Users\Dimitris\AppData\Local\Android\Sdk\platform-tools;C:\Program Files (x86)\Windows Kits\10\bin\10.0.16299.0\x86;C:\Program Files (x86)\Windows Kits\8.0\bin\x86;;C:\WINDOWS\system32;C:\WINDOWS;C:\WINDOWS\System32\Wbem;C:\WINDOWS\System32\WindowsPowerShell\v1.0\;C:\WINDOWS\System32\OpenSSH\;C:\Program Files\nodejs\;C:\Users\Dimitris\AppData\Local\Programs\Python\Python36\Scripts\;C:\Users\Dimitris\AppData\Local\Programs\Python\Python36\;C:\Users\Dimitris\AppData\Local\Programs\Python\Python37\Scripts\;C:\Users\Dimitris\AppData\Local\Programs\Python\Python37\;C:\Users\Dimitris\AppData\Local\Microsoft\WindowsApps;C:\Users\Dimitris\AppData\Local\Programs\Microsoft VS Code\bin;C:\Program Files\JetBrains\PyCharm 2019.1.3 free 2\bin;;C:\Program Files\heroku\bin;C:\Users\Dimitris\AppData\Local\Google\Cloud SDK\google-cloud-sdk\bin;C:\Users\Dimitris\Desktop\ffmpeg-20200504-5767a2e-win64-static\bin;C:\Users\Dimitris\AppData\Roaming\npm
USERNAME=Dimitris
OS=Windows_NT
PROCESSOR_IDENTIFIER=AMD64 Family 23 Model 8 Stepping 2, AuthenticAMD



---------------  S Y S T E M  ---------------

OS: Windows 10.0 , 64 bit Build 17134 (10.0.17134.1)

CPU:total 12 (initial active 12) (12 cores per cpu, 1 threads per core) family 23 model 8 stepping 2, cmov, cx8, fxsr, mmx, sse, sse2, sse3, ssse3, sse4.1, sse4.2, popcnt, avx, avx2, aes, clmul, mmxext, 3dnowpref, lzcnt, sse4a, tsc, tscinvbit, tscinv, bmi1

Memory: 4k page, physical 16727172k(1567172k free), swap 26967172k(4704k free)

vm_info: Java HotSpot(TM) 64-Bit Server VM (25.191-b12) for windows-amd64 JRE (1.8.0_191-b12), built on Oct  6 2018 09:29:03 by "java_re" with MS VC++ 10.0 (VS2010)

time: Wed Oct 14 00:29:43 2020
elapsed time: 2 seconds (0d 0h 0m 2s)

