#
# There is insufficient memory for the Java Runtime Environment to continue.
# Native memory allocation (malloc) failed to allocate 2100128 bytes for Chunk::new
# Possible reasons:
#   The system is out of physical RAM or swap space
#   In 32 bit mode, the process size limit was hit
# Possible solutions:
#   Reduce memory load on the system
#   Increase physical memory or swap space
#   Check if swap backing store is full
#   Use 64 bit Java on a 64 bit OS
#   Decrease Java heap size (-Xmx/-Xms)
#   Decrease number of Java threads
#   Decrease Java thread stack sizes (-Xss)
#   Set larger code cache with -XX:ReservedCodeCacheSize=
# This output file may be truncated or incomplete.
#
#  Out of Memory Error (allocation.cpp:390), pid=4460, tid=0x0000000000003ad8
#
# JRE version: Java(TM) SE Runtime Environment (8.0_191-b12) (build 1.8.0_191-b12)
# Java VM: Java HotSpot(TM) 64-Bit Server VM (25.191-b12 mixed mode windows-amd64 compressed oops)
# Failed to write core dump. Minidumps are not enabled by default on client versions of Windows
#

---------------  T H R E A D  ---------------

Current thread (0x00000000140ef000):  JavaThread "C2 CompilerThread1" daemon [_thread_in_native, id=15064, stack(0x0000000015800000,0x0000000015900000)]

Stack: [0x0000000015800000,0x0000000015900000]
[error occurred during error reporting (printing stack bounds), id 0xc0000005]

Native frames: (J=compiled Java code, j=interpreted, Vv=VM code, C=native code)


Current CompileTask:
C2:   5745 1938       4       java.net.URLClassLoader$1::run (5 bytes)


---------------  P R O C E S S  ---------------

Java Threads: ( => current thread )
  0x000000001590a800 JavaThread "Cache worker for file hash cache (C:\Users\Dimitris\Desktop\tsekit\android\.gradle\6.0.1\fileHashes)" [_thread_blocked, id=19624, stack(0x000000001b2b0000,0x000000001b3b0000)]
  0x0000000015908800 JavaThread "Cache worker for journal cache (C:\Users\Dimitris\.gradle\caches\journal-1)" [_thread_blocked, id=9340, stack(0x0000000019d20000,0x0000000019e20000)]
  0x000000001590f000 JavaThread "File lock request listener" [_thread_in_native, id=20312, stack(0x0000000019b20000,0x0000000019c20000)]
  0x000000001590d000 JavaThread "Cache worker for file hash cache (C:\Users\Dimitris\.gradle\caches\6.0.1\fileHashes)" [_thread_blocked, id=13676, stack(0x0000000019a20000,0x0000000019b20000)]
  0x0000000017b30800 JavaThread "Thread-9" [_thread_blocked, id=11336, stack(0x0000000019920000,0x0000000019a20000)]
  0x0000000017b2c000 JavaThread "Stdin handler" [_thread_blocked, id=18288, stack(0x0000000019820000,0x0000000019920000)]
  0x0000000017b2b000 JavaThread "Asynchronous log dispatcher for DefaultDaemonConnection: socket connection from /127.0.0.1:56635 to /127.0.0.1:56636" [_thread_blocked, id=3488, stack(0x0000000019720000,0x0000000019820000)]
  0x0000000017b33800 JavaThread "Daemon worker" [_thread_in_vm, id=12800, stack(0x0000000019420000,0x0000000019520000)]
  0x0000000017b19000 JavaThread "Cancel handler" [_thread_blocked, id=15260, stack(0x0000000019320000,0x0000000019420000)]
  0x0000000017b07000 JavaThread "Handler for socket connection from /127.0.0.1:56635 to /127.0.0.1:56636" [_thread_in_native, id=7988, stack(0x0000000019220000,0x0000000019320000)]
  0x0000000017afe800 JavaThread "Daemon" [_thread_blocked, id=10344, stack(0x0000000019120000,0x0000000019220000)]
  0x0000000017afa800 JavaThread "Daemon periodic checks" [_thread_blocked, id=9252, stack(0x0000000019020000,0x0000000019120000)]
  0x0000000017a9f000 JavaThread "Incoming local TCP Connector on port 56635" [_thread_in_native, id=14040, stack(0x0000000018de0000,0x0000000018ee0000)]
  0x00000000179fa800 JavaThread "Daemon health stats" [_thread_blocked, id=20212, stack(0x00000000187a0000,0x00000000188a0000)]
  0x0000000015936800 JavaThread "Service Thread" daemon [_thread_blocked, id=15572, stack(0x0000000015e00000,0x0000000015f00000)]
  0x000000001590c000 JavaThread "C1 CompilerThread2" daemon [_thread_blocked, id=2240, stack(0x0000000015d00000,0x0000000015e00000)]
=>0x00000000140ef000 JavaThread "C2 CompilerThread1" daemon [_thread_in_native, id=15064, stack(0x0000000015800000,0x0000000015900000)]
  0x00000000140c4000 JavaThread "C2 CompilerThread0" daemon [_thread_in_native, id=8280, stack(0x0000000015700000,0x0000000015800000)]
  0x00000000140bf800 JavaThread "Attach Listener" daemon [_thread_blocked, id=3652, stack(0x0000000015600000,0x0000000015700000)]
  0x00000000140be800 JavaThread "Signal Dispatcher" daemon [_thread_blocked, id=1492, stack(0x0000000015500000,0x0000000015600000)]
  0x0000000002c9d800 JavaThread "Finalizer" daemon [_thread_blocked, id=14580, stack(0x0000000015310000,0x0000000015410000)]
  0x00000000140aa800 JavaThread "Reference Handler" daemon [_thread_blocked, id=12532, stack(0x0000000015210000,0x0000000015310000)]
  0x000000000104e800 JavaThread "main" [_thread_blocked, id=15812, stack(0x0000000002aa0000,0x0000000002ba0000)]

Other Threads:
  0x0000000014087800 VMThread [stack: 0x0000000015110000,0x0000000015210000] [id=820]
  0x0000000015937000 WatcherThread [stack: 0x0000000015f00000,0x0000000016000000] [id=9760]

VM state:not at safepoint (normal execution)

VM Mutex/Monitor currently owned by a thread: None

Heap:
 PSYoungGen      total 76288K, used 31452K [0x00000000f5580000, 0x00000000faa80000, 0x0000000100000000)
  eden space 65536K, 47% used [0x00000000f5580000,0x00000000f7437210,0x00000000f9580000)
  from space 10752K, 0% used [0x00000000f9580000,0x00000000f9580000,0x00000000fa000000)
  to   space 10752K, 0% used [0x00000000fa000000,0x00000000fa000000,0x00000000faa80000)
 ParOldGen       total 175104K, used 11863K [0x00000000e0000000, 0x00000000eab00000, 0x00000000f5580000)
  object space 175104K, 6% used [0x00000000e0000000,0x00000000e0b95c08,0x00000000eab00000)
 Metaspace       used 25698K, capacity 26232K, committed 26624K, reserved 1073152K
  class space    used 3544K, capacity 3728K, committed 3840K, reserved 1048576K

Card table byte_map: [0x0000000012060000,0x0000000012170000] byte_map_base: 0x0000000011960000

Marking Bits: (ParMarkBitMap*) 0x00000000689c3e30
 Begin Bits: [0x0000000012620000, 0x0000000012e20000)
 End Bits:   [0x0000000012e20000, 0x0000000013620000)

Polling page: 0x0000000001050000

CodeCache: size=245760Kb used=8150Kb max_used=8150Kb free=237609Kb
 bounds [0x0000000002ca0000, 0x00000000034a0000, 0x0000000011ca0000]
 total_blobs=2682 nmethods=2021 adapters=573
 compilation: enabled

Compilation events (10 events):
Event: 5.586 Thread 0x000000001590c000 2025       3       java.lang.reflect.Constructor::getParameterTypes (11 bytes)
Event: 5.587 Thread 0x000000001590c000 nmethod 2025 0x000000000348f910 code [0x000000000348fa80, 0x000000000348fd88]
Event: 5.646 Thread 0x000000001590c000 2026       3       groovyjarjarasm.asm.SymbolTable::get (13 bytes)
Event: 5.647 Thread 0x000000001590c000 nmethod 2026 0x000000000348fe50 code [0x000000000348ffa0, 0x0000000003490130]
Event: 5.653 Thread 0x000000001590c000 2027       3       java.beans.Introspector::addPropertyDescriptor (265 bytes)
Event: 5.656 Thread 0x000000001590c000 nmethod 2027 0x0000000003490210 code [0x0000000003490700, 0x00000000034940d8]
Event: 5.656 Thread 0x000000001590c000 2028       3       java.beans.PropertyDescriptor::setClass0 (25 bytes)
Event: 5.657 Thread 0x000000001590c000 nmethod 2028 0x0000000003496250 code [0x0000000003496440, 0x0000000003496f58]
Event: 5.675 Thread 0x000000001590c000 2029       3       java.lang.String::regionMatches (149 bytes)
Event: 5.676 Thread 0x000000001590c000 nmethod 2029 0x0000000003497350 code [0x00000000034975a0, 0x0000000003498258]

GC Heap History (8 events):
Event: 1.853 GC heap before
{Heap before GC invocations=1 (full 0):
 PSYoungGen      total 76288K, used 65536K [0x00000000f5580000, 0x00000000faa80000, 0x0000000100000000)
  eden space 65536K, 100% used [0x00000000f5580000,0x00000000f9580000,0x00000000f9580000)
  from space 10752K, 0% used [0x00000000fa000000,0x00000000fa000000,0x00000000faa80000)
  to   space 10752K, 0% used [0x00000000f9580000,0x00000000f9580000,0x00000000fa000000)
 ParOldGen       total 175104K, used 0K [0x00000000e0000000, 0x00000000eab00000, 0x00000000f5580000)
  object space 175104K, 0% used [0x00000000e0000000,0x00000000e0000000,0x00000000eab00000)
 Metaspace       used 6991K, capacity 7224K, committed 7424K, reserved 1056768K
  class space    used 881K, capacity 948K, committed 1024K, reserved 1048576K
Event: 1.862 GC heap after
Heap after GC invocations=1 (full 0):
 PSYoungGen      total 76288K, used 5663K [0x00000000f5580000, 0x00000000faa80000, 0x0000000100000000)
  eden space 65536K, 0% used [0x00000000f5580000,0x00000000f5580000,0x00000000f9580000)
  from space 10752K, 52% used [0x00000000f9580000,0x00000000f9b07cb8,0x00000000fa000000)
  to   space 10752K, 0% used [0x00000000fa000000,0x00000000fa000000,0x00000000faa80000)
 ParOldGen       total 175104K, used 8K [0x00000000e0000000, 0x00000000eab00000, 0x00000000f5580000)
  object space 175104K, 0% used [0x00000000e0000000,0x00000000e0002000,0x00000000eab00000)
 Metaspace       used 6991K, capacity 7224K, committed 7424K, reserved 1056768K
  class space    used 881K, capacity 948K, committed 1024K, reserved 1048576K
}
Event: 3.372 GC heap before
{Heap before GC invocations=2 (full 0):
 PSYoungGen      total 76288K, used 71199K [0x00000000f5580000, 0x00000000faa80000, 0x0000000100000000)
  eden space 65536K, 100% used [0x00000000f5580000,0x00000000f9580000,0x00000000f9580000)
  from space 10752K, 52% used [0x00000000f9580000,0x00000000f9b07cb8,0x00000000fa000000)
  to   space 10752K, 0% used [0x00000000fa000000,0x00000000fa000000,0x00000000faa80000)
 ParOldGen       total 175104K, used 8K [0x00000000e0000000, 0x00000000eab00000, 0x00000000f5580000)
  object space 175104K, 0% used [0x00000000e0000000,0x00000000e0002000,0x00000000eab00000)
 Metaspace       used 14296K, capacity 14598K, committed 14976K, reserved 1062912K
  class space    used 2043K, capacity 2165K, committed 2176K, reserved 1048576K
Event: 3.395 GC heap after
Heap after GC invocations=2 (full 0):
 PSYoungGen      total 76288K, used 9505K [0x00000000f5580000, 0x00000000faa80000, 0x0000000100000000)
  eden space 65536K, 0% used [0x00000000f5580000,0x00000000f5580000,0x00000000f9580000)
  from space 10752K, 88% used [0x00000000fa000000,0x00000000fa9485d8,0x00000000faa80000)
  to   space 10752K, 0% used [0x00000000f9580000,0x00000000f9580000,0x00000000fa000000)
 ParOldGen       total 175104K, used 16K [0x00000000e0000000, 0x00000000eab00000, 0x00000000f5580000)
  object space 175104K, 0% used [0x00000000e0000000,0x00000000e0004000,0x00000000eab00000)
 Metaspace       used 14296K, capacity 14598K, committed 14976K, reserved 1062912K
  class space    used 2043K, capacity 2165K, committed 2176K, reserved 1048576K
}
Event: 4.631 GC heap before
{Heap before GC invocations=3 (full 0):
 PSYoungGen      total 76288K, used 72634K [0x00000000f5580000, 0x00000000faa80000, 0x0000000100000000)
  eden space 65536K, 96% used [0x00000000f5580000,0x00000000f93264e8,0x00000000f9580000)
  from space 10752K, 88% used [0x00000000fa000000,0x00000000fa9485d8,0x00000000faa80000)
  to   space 10752K, 0% used [0x00000000f9580000,0x00000000f9580000,0x00000000fa000000)
 ParOldGen       total 175104K, used 16K [0x00000000e0000000, 0x00000000eab00000, 0x00000000f5580000)
  object space 175104K, 0% used [0x00000000e0000000,0x00000000e0004000,0x00000000eab00000)
 Metaspace       used 20643K, capacity 21060K, committed 21296K, reserved 1067008K
  class space    used 3001K, capacity 3140K, committed 3200K, reserved 1048576K
Event: 4.650 GC heap after
Heap after GC invocations=3 (full 0):
 PSYoungGen      total 76288K, used 10730K [0x00000000f5580000, 0x00000000faa80000, 0x0000000100000000)
  eden space 65536K, 0% used [0x00000000f5580000,0x00000000f5580000,0x00000000f9580000)
  from space 10752K, 99% used [0x00000000f9580000,0x00000000f9ffabd8,0x00000000fa000000)
  to   space 10752K, 0% used [0x00000000fa000000,0x00000000fa000000,0x00000000faa80000)
 ParOldGen       total 175104K, used 1562K [0x00000000e0000000, 0x00000000eab00000, 0x00000000f5580000)
  object space 175104K, 0% used [0x00000000e0000000,0x00000000e01868f0,0x00000000eab00000)
 Metaspace       used 20643K, capacity 21060K, committed 21296K, reserved 1067008K
  class space    used 3001K, capacity 3140K, committed 3200K, reserved 1048576K
}
Event: 4.650 GC heap before
{Heap before GC invocations=4 (full 1):
 PSYoungGen      total 76288K, used 10730K [0x00000000f5580000, 0x00000000faa80000, 0x0000000100000000)
  eden space 65536K, 0% used [0x00000000f5580000,0x00000000f5580000,0x00000000f9580000)
  from space 10752K, 99% used [0x00000000f9580000,0x00000000f9ffabd8,0x00000000fa000000)
  to   space 10752K, 0% used [0x00000000fa000000,0x00000000fa000000,0x00000000faa80000)
 ParOldGen       total 175104K, used 1562K [0x00000000e0000000, 0x00000000eab00000, 0x00000000f5580000)
  object space 175104K, 0% used [0x00000000e0000000,0x00000000e01868f0,0x00000000eab00000)
 Metaspace       used 20643K, capacity 21060K, committed 21296K, reserved 1067008K
  class space    used 3001K, capacity 3140K, committed 3200K, reserved 1048576K
Event: 4.715 GC heap after
Heap after GC invocations=4 (full 1):
 PSYoungGen      total 76288K, used 0K [0x00000000f5580000, 0x00000000faa80000, 0x0000000100000000)
  eden space 65536K, 0% used [0x00000000f5580000,0x00000000f5580000,0x00000000f9580000)
  from space 10752K, 0% used [0x00000000f9580000,0x00000000f9580000,0x00000000fa000000)
  to   space 10752K, 0% used [0x00000000fa000000,0x00000000fa000000,0x00000000faa80000)
 ParOldGen       total 175104K, used 11863K [0x00000000e0000000, 0x00000000eab00000, 0x00000000f5580000)
  object space 175104K, 6% used [0x00000000e0000000,0x00000000e0b95c08,0x00000000eab00000)
 Metaspace       used 20643K, capacity 21060K, committed 21296K, reserved 1067008K
  class space    used 3001K, capacity 3140K, committed 3200K, reserved 1048576K
}

Deoptimization events (10 events):
Event: 4.079 Thread 0x0000000017b33800 Uncommon trap: reason=unstable_if action=reinterpret pc=0x0000000002e23308 method=java.net.URI.match(CJJ)Z @ 19
Event: 4.079 Thread 0x0000000017b33800 Uncommon trap: reason=unstable_if action=reinterpret pc=0x0000000002f0a940 method=java.net.URI.match(CJJ)Z @ 19
Event: 4.079 Thread 0x0000000017b33800 Uncommon trap: reason=unstable_if action=reinterpret pc=0x0000000002e20288 method=java.net.URI.match(CJJ)Z @ 19
Event: 4.236 Thread 0x0000000017b33800 Uncommon trap: reason=unstable_if action=reinterpret pc=0x0000000002f96a98 method=java.io.File.getName()Ljava/lang/String; @ 16
Event: 5.118 Thread 0x0000000017b33800 Uncommon trap: reason=class_check action=maybe_recompile pc=0x00000000032cac58 method=sun.misc.URLClassPath.getLoader(I)Lsun/misc/URLClassPath$Loader; @ 94
Event: 5.118 Thread 0x0000000017b33800 Uncommon trap: reason=class_check action=maybe_recompile pc=0x00000000031f4720 method=sun.misc.URLClassPath.getResource(Ljava/lang/String;Z)Lsun/misc/Resource; @ 62
Event: 5.118 Thread 0x0000000017b33800 Uncommon trap: reason=unstable_if action=reinterpret pc=0x00000000032b0cf8 method=java.lang.String.regionMatches(ZILjava/lang/String;II)Z @ 41
Event: 5.122 Thread 0x0000000017b33800 Uncommon trap: reason=unstable_if action=reinterpret pc=0x0000000003164b84 method=java.lang.ClassLoader.getClassLoadingLock(Ljava/lang/String;)Ljava/lang/Object; @ 6
Event: 5.175 Thread 0x0000000017b33800 Uncommon trap: reason=class_check action=maybe_recompile pc=0x00000000032caf3c method=sun.misc.URLClassPath.getLoader(I)Lsun/misc/URLClassPath$Loader; @ 239
Event: 5.231 Thread 0x0000000017b33800 Uncommon trap: reason=class_check action=maybe_recompile pc=0x00000000032caf3c method=sun.misc.URLClassPath.getLoader(I)Lsun/misc/URLClassPath$Loader; @ 239

Classes redefined (0 events):
No events

Internal exceptions (10 events):
Event: 5.331 Thread 0x0000000017b33800 Exception <a 'java/lang/ClassNotFoundException': org/gradle/api/internal/project/AbstractPluginAwareBeanInfo> (0x00000000f66acd80) thrown at [C:\re\workspace\8-2-build-windows-amd64-cygwin\jdk8u191\11896\hotspot\src\share\vm\classfile\systemDictionary.cpp
Event: 5.334 Thread 0x0000000017b33800 Exception <a 'java/lang/ClassNotFoundException': org/gradle/api/internal/project/AbstractPluginAwareCustomizer> (0x00000000f66dfcd8) thrown at [C:\re\workspace\8-2-build-windows-amd64-cygwin\jdk8u191\11896\hotspot\src\share\vm\classfile\systemDictionary.c
Event: 5.335 Thread 0x0000000017b33800 Exception <a 'java/lang/ClassNotFoundException': org/gradle/initialization/DefaultSettingsCustomizer> (0x00000000f6715300) thrown at [C:\re\workspace\8-2-build-windows-amd64-cygwin\jdk8u191\11896\hotspot\src\share\vm\classfile\systemDictionary.cpp, line 2
Event: 5.338 Thread 0x0000000017b33800 Exception <a 'java/lang/ClassNotFoundException': org/gradle/initialization/DefaultSettings_DecoratedCustomizer> (0x00000000f6783338) thrown at [C:\re\workspace\8-2-build-windows-amd64-cygwin\jdk8u191\11896\hotspot\src\share\vm\classfile\systemDictionary.c
Event: 5.353 Thread 0x0000000017b33800 Exception <a 'java/lang/ClassNotFoundException': org/gradle/initialization/DefaultProjectDescriptorBeanInfo> (0x00000000f68561f8) thrown at [C:\re\workspace\8-2-build-windows-amd64-cygwin\jdk8u191\11896\hotspot\src\share\vm\classfile\systemDictionary.cpp,
Event: 5.354 Thread 0x0000000017b33800 Exception <a 'java/lang/ClassNotFoundException': org/gradle/initialization/DefaultProjectDescriptorCustomizer> (0x00000000f6886ff0) thrown at [C:\re\workspace\8-2-build-windows-amd64-cygwin\jdk8u191\11896\hotspot\src\share\vm\classfile\systemDictionary.cp
Event: 5.584 Thread 0x0000000017b33800 Exception <a 'java/lang/ClassNotFoundException': java/io/FileBeanInfo> (0x00000000f6d94348) thrown at [C:\re\workspace\8-2-build-windows-amd64-cygwin\jdk8u191\11896\hotspot\src\share\vm\classfile\systemDictionary.cpp, line 210]
Event: 5.584 Thread 0x0000000017b33800 Exception <a 'java/lang/ClassNotFoundException': java/io/FileCustomizer> (0x00000000f6d970d8) thrown at [C:\re\workspace\8-2-build-windows-amd64-cygwin\jdk8u191\11896\hotspot\src\share\vm\classfile\systemDictionary.cpp, line 210]
Event: 5.651 Thread 0x0000000017b33800 Exception <a 'java/lang/ClassNotFoundException': org/gradle/api/internal/plugins/DefaultObjectConfigurationActionBeanInfo> (0x00000000f6fa6aa0) thrown at [C:\re\workspace\8-2-build-windows-amd64-cygwin\jdk8u191\11896\hotspot\src\share\vm\classfile\systemD
Event: 5.652 Thread 0x0000000017b33800 Exception <a 'java/lang/ClassNotFoundException': org/gradle/api/internal/plugins/DefaultObjectConfigurationActionCustomizer> (0x00000000f6fded78) thrown at [C:\re\workspace\8-2-build-windows-amd64-cygwin\jdk8u191\11896\hotspot\src\share\vm\classfile\syste

Events (10 events):
Event: 5.715 loading class org/gradle/internal/resource/transfer/AbstractProgressLoggingHandler
Event: 5.715 loading class org/gradle/internal/resource/transfer/AbstractProgressLoggingHandler done
Event: 5.716 loading class org/gradle/internal/resource/transfer/ProgressLoggingExternalResourceAccessor
Event: 5.716 loading class org/gradle/internal/resource/transfer/ProgressLoggingExternalResourceAccessor done
Event: 5.717 loading class org/gradle/internal/resource/transport/DefaultExternalResourceRepository
Event: 5.717 loading class org/gradle/internal/resource/transport/DefaultExternalResourceRepository done
Event: 5.718 loading class org/gradle/internal/resource/transfer/DefaultCacheAwareExternalResourceAccessor
Event: 5.718 loading class org/gradle/internal/resource/transfer/DefaultCacheAwareExternalResourceAccessor done
Event: 5.720 loading class org/gradle/internal/resource/ExternalResource$ContentAction
Event: 5.720 loading class org/gradle/internal/resource/ExternalResource$ContentAction done


Dynamic libraries:
0x00007ff742260000 - 0x00007ff742297000 	C:\Program Files\Java\jdk1.8.0_191\bin\java.exe
0x00007ffdf3bb0000 - 0x00007ffdf3d91000 	C:\WINDOWS\SYSTEM32\ntdll.dll
0x00007ffdf1c50000 - 0x00007ffdf1d02000 	C:\WINDOWS\System32\KERNEL32.DLL
0x00007ffdeff80000 - 0x00007ffdf01f3000 	C:\WINDOWS\System32\KERNELBASE.dll
0x00007ffdf16c0000 - 0x00007ffdf1761000 	C:\WINDOWS\System32\ADVAPI32.dll
0x00007ffdf1530000 - 0x00007ffdf15ce000 	C:\WINDOWS\System32\msvcrt.dll
0x00007ffdf3b20000 - 0x00007ffdf3b7b000 	C:\WINDOWS\System32\sechost.dll
0x00007ffdf18b0000 - 0x00007ffdf19d4000 	C:\WINDOWS\System32\RPCRT4.dll
0x00007ffdf1a50000 - 0x00007ffdf1be0000 	C:\WINDOWS\System32\USER32.dll
0x00007ffdf0db0000 - 0x00007ffdf0dd0000 	C:\WINDOWS\System32\win32u.dll
0x00007ffdf1770000 - 0x00007ffdf1798000 	C:\WINDOWS\System32\GDI32.dll
0x00007ffdf03a0000 - 0x00007ffdf0532000 	C:\WINDOWS\System32\gdi32full.dll
0x00007ffdf0200000 - 0x00007ffdf029f000 	C:\WINDOWS\System32\msvcp_win.dll
0x00007ffdf02a0000 - 0x00007ffdf039a000 	C:\WINDOWS\System32\ucrtbase.dll
0x00007ffde3d00000 - 0x00007ffde3f69000 	C:\WINDOWS\WinSxS\amd64_microsoft.windows.common-controls_6595b64144ccf1df_6.0.17134.112_none_fb3f961b30681c12\COMCTL32.dll
0x00007ffdf1040000 - 0x00007ffdf1363000 	C:\WINDOWS\System32\combase.dll
0x00007ffdf0dd0000 - 0x00007ffdf0e4a000 	C:\WINDOWS\System32\bcryptPrimitives.dll
0x00007ffdf1e90000 - 0x00007ffdf1ebd000 	C:\WINDOWS\System32\IMM32.DLL
0x0000000068a50000 - 0x0000000068b22000 	C:\Program Files\Java\jdk1.8.0_191\jre\bin\msvcr100.dll
0x00000000681a0000 - 0x0000000068a44000 	C:\Program Files\Java\jdk1.8.0_191\jre\bin\server\jvm.dll
0x00007ffdf3540000 - 0x00007ffdf3548000 	C:\WINDOWS\System32\PSAPI.DLL
0x00007ffdd89a0000 - 0x00007ffdd89a9000 	C:\WINDOWS\SYSTEM32\WSOCK32.dll
0x00007ffdf1be0000 - 0x00007ffdf1c4c000 	C:\WINDOWS\System32\WS2_32.dll
0x00007ffde85e0000 - 0x00007ffde8603000 	C:\WINDOWS\SYSTEM32\WINMM.dll
0x00007ffdeb0c0000 - 0x00007ffdeb0ca000 	C:\WINDOWS\SYSTEM32\VERSION.dll
0x00007ffde85b0000 - 0x00007ffde85da000 	C:\WINDOWS\SYSTEM32\WINMMBASE.dll
0x00007ffdf0d00000 - 0x00007ffdf0d49000 	C:\WINDOWS\System32\cfgmgr32.dll
0x0000000068190000 - 0x000000006819f000 	C:\Program Files\Java\jdk1.8.0_191\jre\bin\verify.dll
0x0000000068160000 - 0x0000000068189000 	C:\Program Files\Java\jdk1.8.0_191\jre\bin\java.dll
0x0000000068140000 - 0x0000000068156000 	C:\Program Files\Java\jdk1.8.0_191\jre\bin\zip.dll
0x00007ffdf2060000 - 0x00007ffdf34a0000 	C:\WINDOWS\System32\SHELL32.dll
0x00007ffdf1800000 - 0x00007ffdf18a9000 	C:\WINDOWS\System32\shcore.dll
0x00007ffdf05f0000 - 0x00007ffdf0cfd000 	C:\WINDOWS\System32\windows.storage.dll
0x00007ffdf14d0000 - 0x00007ffdf1521000 	C:\WINDOWS\System32\shlwapi.dll
0x00007ffdefed0000 - 0x00007ffdefee1000 	C:\WINDOWS\System32\kernel.appcore.dll
0x00007ffdeff60000 - 0x00007ffdeff7f000 	C:\WINDOWS\System32\profapi.dll
0x00007ffdeff10000 - 0x00007ffdeff5c000 	C:\WINDOWS\System32\powrprof.dll
0x00007ffdefec0000 - 0x00007ffdefeca000 	C:\WINDOWS\System32\FLTLIB.DLL
0x0000000068120000 - 0x000000006813a000 	C:\Program Files\Java\jdk1.8.0_191\jre\bin\net.dll
0x00007ffdef740000 - 0x00007ffdef7a6000 	C:\WINDOWS\system32\mswsock.dll
0x0000000068100000 - 0x0000000068111000 	C:\Program Files\Java\jdk1.8.0_191\jre\bin\nio.dll
0x00007ffde90b0000 - 0x00007ffde90d6000 	C:\Users\Dimitris\.gradle\native\30\windows-amd64\native-platform.dll
0x00000000680f0000 - 0x00000000680fd000 	C:\Program Files\Java\jdk1.8.0_191\jre\bin\management.dll
0x00007ffdef900000 - 0x00007ffdef917000 	C:\WINDOWS\SYSTEM32\CRYPTSP.dll
0x00007ffdef320000 - 0x00007ffdef353000 	C:\WINDOWS\system32\rsaenh.dll
0x00007ffdefa20000 - 0x00007ffdefa45000 	C:\WINDOWS\SYSTEM32\bcrypt.dll
0x00007ffdefdc0000 - 0x00007ffdefde8000 	C:\WINDOWS\SYSTEM32\USERENV.dll
0x00007ffdef8f0000 - 0x00007ffdef8fb000 	C:\WINDOWS\SYSTEM32\CRYPTBASE.dll
0x00007ffdef4c0000 - 0x00007ffdef4f8000 	C:\WINDOWS\SYSTEM32\IPHLPAPI.DLL
0x00007ffdf1a40000 - 0x00007ffdf1a48000 	C:\WINDOWS\System32\NSI.dll
0x00007ffdeb990000 - 0x00007ffdeb9a6000 	C:\WINDOWS\SYSTEM32\dhcpcsvc6.DLL
0x00007ffdeb760000 - 0x00007ffdeb77a000 	C:\WINDOWS\SYSTEM32\dhcpcsvc.DLL

VM Arguments:
jvm_args: -XX:MaxMetaspaceSize=256m -XX:+HeapDumpOnOutOfMemoryError -Xms256m -Xmx512m -Dfile.encoding=windows-1252 -Duser.country=US -Duser.language=en -Duser.variant 
java_command: org.gradle.launcher.daemon.bootstrap.GradleDaemon 6.0.1
java_class_path (initial): C:\Users\Dimitris\.gradle\wrapper\dists\gradle-6.0.1-all\99d3u8wxs16ndehh90lbbir67\gradle-6.0.1\lib\gradle-launcher-6.0.1.jar
Launcher Type: SUN_STANDARD

Environment Variables:
JAVA_HOME=C:\Program Files\Java\jdk1.8.0_191
CLASSPATH=C:\Users\Dimitris\Desktop\tsekit\android\\gradle\wrapper\gradle-wrapper.jar
PATH=C:\Users\Dimitris\Desktop\tsekit\android\node_modules\.bin;C:\Users\Dimitris\Desktop\tsekit\node_modules\.bin;C:\Users\Dimitris\Desktop\node_modules\.bin;C:\Users\Dimitris\node_modules\.bin;C:\Users\node_modules\.bin;C:\node_modules\.bin;C:\Program Files\nodejs;C:\Users\Dimitris\Desktop\tsekit\node_modules\.bin;C:\Users\Dimitris\AppData\Local\Programs\Python\Python37;C:\Windows\system32;C:\Windows;C:\Windows\System32\Wbem;C:\Windows\System32\WindowsPowerShell\v1.0\;C:\Program Files (x86)\NVIDIA Corporation\PhysX\Common;C:\Program Files\NVIDIA Corporation\NVIDIA NvDLISR;C:\Program Files\PostgreSQL\11\bin;C:\Program Files\Git\cmd;C:\Program Files\Redis\;C:\Program Files\PuTTY\;C:\Users\Dimitris\AppData\Local\Programs\Python\Python37\python;C:\Users\Dimitris\AppData\Local\Programs\Python\Python37\;C:\Users\Dimitris\AppData\Local\Programs\Python\Python37\Scripts\;C:\Users\Dimitris\Desktop\ffmpeg-20200504-5767a2e-win64-static\bin;C:\Users\Dimitris\AppData\Local\Android\Sdk\platform-tools;C:\Program Files (x86)\Windows Kits\10\bin\10.0.16299.0\x86;C:\Program Files (x86)\Windows Kits\8.0\bin\x86;;C:\WINDOWS\system32;C:\WINDOWS;C:\WINDOWS\System32\Wbem;C:\WINDOWS\System32\WindowsPowerShell\v1.0\;C:\WINDOWS\System32\OpenSSH\;C:\Program Files\nodejs\;C:\Users\Dimitris\AppData\Local\Programs\Python\Python36\Scripts\;C:\Users\Dimitris\AppData\Local\Programs\Python\Python36\;C:\Users\Dimitris\AppData\Local\Programs\Python\Python37\Scripts\;C:\Users\Dimitris\AppData\Local\Programs\Python\Python37\;C:\Users\Dimitris\AppData\Local\Microsoft\WindowsApps;C:\Users\Dimitris\AppData\Local\Programs\Microsoft VS Code\bin;C:\Program Files\JetBrains\PyCharm 2019.1.3 free 2\bin;;C:\Program Files\heroku\bin;C:\Users\Dimitris\AppData\Local\Google\Cloud SDK\google-cloud-sdk\bin;C:\Users\Dimitris\Desktop\ffmpeg-20200504-5767a2e-win64-static\bin;C:\Users\Dimitris\AppData\Roaming\npm
USERNAME=Dimitris
OS=Windows_NT
PROCESSOR_IDENTIFIER=Intel64 Family 6 Model 60 Stepping 3, GenuineIntel



---------------  S Y S T E M  ---------------

OS: Windows 10.0 , 64 bit Build 17134 (10.0.17134.1)

CPU:total 4 (initial active 4) (2 cores per cpu, 2 threads per core) family 6 model 60 stepping 3, cmov, cx8, fxsr, mmx, sse, sse2, sse3, ssse3, sse4.1, sse4.2, popcnt, avx, avx2, aes, clmul, erms, lzcnt, ht, tsc, tscinvbit, bmi1, bmi2

Memory: 4k page, physical 16703500k(1941764k free), swap 26943500k(6548k free)

vm_info: Java HotSpot(TM) 64-Bit Server VM (25.191-b12) for windows-amd64 JRE (1.8.0_191-b12), built on Oct  6 2018 09:29:03 by "java_re" with MS VC++ 10.0 (VS2010)

time: Fri Aug 28 22:18:13 2020
elapsed time: 5 seconds (0d 0h 0m 5s)

